The closed log for run 21-05-15_07:57:53BST

SMOOTHING_LENGTH = 10000
SAVE_PERIOD = 100000
CODE_BOOK_PERIOD = 10000
DEVICE = torch.device("cuda" if torch.cuda.is_available() else "cpu")  # Used: "cuda"
MODEL_FOLDER = 'models'
CONFIGS_FOLDER = 'configs'
LOGS_FOLDER = 'logs'

hyperparameters = {
	'N_ITERATIONS': 70000,
	'RANDOM_SEEDS': [(714844, 936892, 888616, 165835)],
	'ALICE_NET': 'MaxNet("In", 3, 50)',
	'BOB_NET': 'FFs(3, 50)',
	'BATCHSIZE': 32,
	'GAMESIZE': 32,
	'BUFFER_CAPACITY': 640000,
	'START_TRAINING': 20000,
	'N_SELECT': 256,
	'EPSILON_ONE_END': 2000,
	'EPSILON_MIN': 0.0,
	'EPSILON_MIN_POINT': 20000,
	'ALICE_PLAY': 'QPerCode',
	'ALICE_TRAIN': 'QPerCode',
	'BOB_PLAY': 'CircularVocab',
	'BOB_TRAIN': 'CircularVocab',
	'ALICE_OPTIMIZER': 'SGD(lr=0.01)',
	'BOB_OPTIMIZER': 'SGD(lr=0.01)',
	'ALICE_LOSS_FUNCTION': 'Huber(beta=0.1)',
	'BOB_LOSS_FUNCTION': 'Huber(beta=0.1)',
	'ALICE_PROXIMITY_BONUS': 100000000,
	'ALICE_PROXIMITY_SLOPE_LENGTH': 10000,
	'ALICE_LAST_TRAINING': 10000000,
	'NOISE_START': 30000,
	'NOISE': 0.0,
	'ALICE_DOUBLE': None,
	'N_CODE': 8,
	'N_NUMBERS': 256
}



>>>> hp_run=1 of 1
hyperparameters = {
	'N_ITERATIONS': 70000,
	'RANDOM_SEEDS': (714844, 936892, 888616, 165835),
	'ALICE_NET': 'MaxNet("In", 3, 50)',
	'BOB_NET': 'FFs(3, 50)',
	'BATCHSIZE': 32,
	'GAMESIZE': 32,
	'BUFFER_CAPACITY': 640000,
	'START_TRAINING': 20000,
	'N_SELECT': 256,
	'EPSILON_ONE_END': 2000,
	'EPSILON_MIN': 0.0,
	'EPSILON_MIN_POINT': 20000,
	'ALICE_PLAY': 'QPerCode',
	'ALICE_TRAIN': 'QPerCode',
	'BOB_PLAY': 'CircularVocab',
	'BOB_TRAIN': 'CircularVocab',
	'ALICE_OPTIMIZER': 'SGD(lr=0.01)',
	'BOB_OPTIMIZER': 'SGD(lr=0.01)',
	'ALICE_LOSS_FUNCTION': 'Huber(beta=0.1)',
	'BOB_LOSS_FUNCTION': 'Huber(beta=0.1)',
	'ALICE_PROXIMITY_BONUS': 100000000,
	'ALICE_PROXIMITY_SLOPE_LENGTH': 10000,
	'ALICE_LAST_TRAINING': 10000000,
	'NOISE_START': 30000,
	'NOISE': 0.0,
	'ALICE_DOUBLE': None,
	'N_CODE': 8,
	'N_NUMBERS': 256
}

tuple_specs.random_reward_sd()=0.7071067811865476

Iteration=     20000 training nets give:
alice_loss.item()=0.5374042987823486	bob_loss.item()=0.4361996054649353

10000000	[0, 1, 234, 235, 236, 237, 238, 239, 240, 241, 242, 243, 244, 245, 246, 247, 248, 249, 250, 251, 252, 253, 254, 255]
01101001	[2, 3, 4, 5, 6, 7, 8, 9, 10, 11, 12, 13, 14, 15, 16, 17, 18, 19, 20, 21, 22, 23, 24, 25, 26, 27, 28, 29, 30, 31, 32, 33, 34, 35, 36, 37, 38, 39, 40, 41, 42, 43, 44, 45, 46, 47, 48, 49]
00001101	[50, 51, 52, 53, 54, 55, 56, 57, 58, 59, 60, 61, 62, 63, 64, 65, 66, 67, 68, 69, 70, 71, 72, 73, 74, 75, 76, 77, 78, 79, 80, 81, 82, 83, 84, 85, 86, 87, 88, 89, 90]
10001110	[91, 92, 93, 94, 95, 96, 97, 98, 99, 100, 101, 102, 103, 104, 105, 106, 107, 108, 109, 110, 111, 112, 113, 114, 115, 116, 117, 118, 119, 120, 121, 122, 123, 124, 125, 126, 127, 128, 129, 130, 131, 132, 133, 134, 135, 136, 137, 138, 139, 140, 141, 142, 143, 144, 145, 146, 147, 148, 149, 150, 151, 152, 153, 154, 155, 156, 157, 158, 159, 160, 161, 162, 163, 164, 165, 166, 167, 168, 169, 170, 171]
01010100	[172, 173, 174, 175, 176, 177, 178, 179, 180, 181, 182, 183, 184, 185, 186, 187, 188, 189, 190, 191, 192, 193, 194, 195, 196, 197, 198, 199, 200, 201, 202, 203, 204, 205, 206, 207, 208, 209, 210, 211, 212, 213]
11001000	[214, 215]
00110101	[216, 217, 218, 219, 220, 221, 222, 223, 224, 225, 226, 227, 228, 229, 230, 231, 232, 233]

10000000	146	False
01101001	20	True
00001101	218	False
10001110	104	True
01010100	193	True
11001000	148	False
00110101	149	False

Number of codes used=7

Iteration=     30000 training nets give:
alice_loss.item()=0.12643146514892578	bob_loss.item()=0.09588988125324249

01101001	[0, 1, 2, 3, 4, 5, 6, 7, 8, 9, 10, 11, 12, 13, 14, 15, 16, 17, 18, 19, 20, 21, 22, 23, 24, 25, 26, 27, 28, 29, 30, 31, 32, 33, 34, 35, 36, 37, 38, 39, 40, 41, 42, 43, 44, 45, 46, 47, 48, 49, 50, 51, 52, 53, 54, 55, 56, 57, 58, 59, 60, 61, 62, 63, 64, 65, 66, 67, 68, 235, 236, 237, 238, 239, 240, 241, 242, 243, 244, 245, 246, 247, 248, 249, 250, 251, 252, 253, 254, 255]
10001110	[69, 70, 71, 72, 73, 74, 75, 76, 77, 78, 79, 80, 81, 82, 83, 84, 85, 86, 87, 88, 89, 90, 91, 92, 93, 94, 95, 96, 97, 98, 99, 100, 101, 102, 103, 104, 105, 106, 107, 108, 109, 110, 111, 112, 113, 114, 115, 116, 117, 118, 119, 120, 121, 122, 123, 124, 125, 126, 127, 128, 129, 130, 131, 132, 133, 134, 135, 136, 137, 138, 139, 140, 141, 142, 143, 144, 145, 146, 147, 148, 149, 150, 151]
01010100	[152, 153, 154, 155, 156, 157, 158, 159, 160, 161, 162, 163, 164, 165, 166, 167, 168, 169, 170, 171, 172, 173, 174, 175, 176, 177, 178, 179, 180, 181, 182, 183, 184, 185, 186, 187, 188, 189, 190, 191, 192, 193, 194, 195, 196, 197, 198, 199, 200, 201, 202, 203, 204, 205, 206, 207, 208, 209, 210, 211, 212, 213, 214, 215, 216, 217, 218, 219, 220, 221, 222, 223, 224, 225, 226, 227, 228, 229, 230, 231, 232, 233, 234]

01101001	21	True
10001110	126	True
01010100	195	True

Number of codes used=3

Iteration=     40000 training nets give:
alice_loss.item()=0.008680446073412895	bob_loss.item()=0.0868958979845047

01101001	[0, 1, 2, 3, 4, 5, 6, 7, 8, 9, 10, 11, 12, 13, 14, 15, 16, 17, 18, 19, 20, 21, 22, 23, 24, 25, 26, 27, 28, 29, 30, 31, 32, 33, 34, 35, 252, 253, 254, 255]
11011001	[36, 37, 38, 39, 40, 41, 42, 43, 44, 45, 46, 47, 48, 49, 50, 51, 52, 53, 54, 55, 56, 57, 58, 59, 60, 61, 62, 63, 64, 65, 66, 67, 68, 69, 70, 71, 72, 73, 74, 75, 76, 77, 78, 79, 80, 81, 82, 83, 84, 85, 86, 87]
10001110	[88, 89, 90, 91, 92, 93, 94, 95, 96, 97, 98, 99, 100, 101, 102, 103, 104, 105, 106, 107, 108, 109, 110, 111, 112, 113, 114, 115, 116, 117, 118, 119, 120, 121, 122, 123, 124, 125, 126, 127, 128, 129, 130, 131, 132, 133, 134, 135, 136, 137, 138, 139, 140, 141, 142, 143, 144, 145, 146, 147, 148, 149, 150, 151, 152, 153, 154, 155]
01010100	[156, 157, 158, 159, 160, 161, 162, 163, 164, 165, 166, 167, 168, 169, 170, 171, 172, 173, 174, 175, 176, 177, 178, 179, 180, 181, 182, 183, 184, 185, 186, 187, 188, 189, 190, 191, 192, 193, 194, 195, 196, 197, 198, 199, 200, 201, 202, 203, 204, 205, 206, 207, 208, 209, 210, 211]
10011101	[212, 213, 214, 215, 216, 217, 218, 219, 220, 221, 222, 223, 224, 225, 226, 227, 228, 229, 230, 231, 232, 233, 234, 235, 236, 237, 238, 239, 240, 241, 242, 243, 244, 245, 246, 247, 248, 249, 250, 251]

01101001	30	True
11011001	54	True
10001110	110	True
01010100	196	True
10011101	229	True

Number of codes used=5

Iteration=     50000 training nets give:
alice_loss.item()=0.006436442490667105	bob_loss.item()=0.030641665682196617

10011101	[0, 1, 212, 213, 214, 215, 216, 217, 218, 219, 220, 221, 222, 223, 224, 225, 226, 227, 228, 229, 230, 231, 232, 233, 234, 235, 236, 237, 238, 239, 240, 241, 242, 243, 244, 245, 246, 247, 248, 249, 250, 251, 252, 253, 254, 255]
01101001	[2, 3, 4, 5, 6, 7, 8, 9, 10, 11, 12, 13, 14, 15, 16, 17, 18, 19, 20, 21, 22, 23, 24, 25, 26, 27, 28, 29, 30, 31, 32, 33]
11011001	[34, 35, 36, 37, 38, 39, 40, 41, 42, 43, 44, 45, 46, 47, 48, 49, 50, 51, 52, 53, 54, 55, 56, 57, 58, 59, 60, 61, 62, 63, 64, 65, 66, 67, 68, 69, 70, 71, 72, 73, 74, 75, 76, 77, 78, 79, 80, 81, 82, 83, 84, 85, 86, 87]
10001110	[88, 89, 90, 91, 92, 93, 94, 95, 96, 97, 98, 99, 100, 101, 102, 103, 104, 105, 106, 107, 108, 109, 110, 111, 112, 113, 114, 115, 116, 117, 118, 119, 120, 121, 122, 123, 124, 125, 126, 127, 128, 129, 130, 131, 132, 133, 134, 135, 136, 137, 138, 139, 140, 141, 142, 143, 144, 145, 146, 147, 148, 149, 150, 151, 152, 153]
01010100	[154, 155, 156, 157, 158, 159, 160, 161, 162, 163, 164, 165, 166, 167, 168, 169, 170, 171, 172, 173, 174, 175, 176, 177, 178, 179, 180, 181, 182, 183, 184, 185, 186, 187, 188, 189, 190, 191, 192, 193, 194, 195, 196, 197, 198, 199, 200, 201, 202, 203, 204, 205, 206, 207, 208, 209, 210, 211]

10011101	235	True
01101001	33	True
11011001	47	True
10001110	110	True
01010100	198	True

Number of codes used=5

Iteration=     60000 training nets give:
alice_loss.item()=0.0014307233504951	bob_loss.item()=0.055832065641880035

10011101	[0, 1, 2, 3, 4, 215, 216, 217, 218, 219, 220, 221, 222, 223, 224, 225, 226, 227, 228, 229, 230, 231, 232, 233, 234, 235, 236, 237, 238, 239, 240, 241, 242, 243, 244, 245, 246, 247, 248, 249, 250, 251, 252, 253, 254, 255]
01101001	[5, 6, 7, 8, 9, 10, 11, 12, 13, 14, 15, 16, 17, 18, 19, 20, 21, 22, 23, 24, 25, 26, 27, 28, 29, 30, 31, 32, 33, 34, 35, 36, 37, 38, 39, 40]
11011001	[41, 42, 43, 44, 45, 46, 47, 48, 49, 50, 51, 52, 53, 54, 55, 56, 57, 58, 59, 60, 61, 62, 63, 64, 65, 66, 67, 68, 69, 70, 71, 72, 73, 74, 75, 76, 77, 78, 79, 80]
10001110	[81, 82, 83, 84, 85, 86, 87, 88, 89, 90, 91, 92, 93, 94, 95, 96, 97, 98, 99, 100, 101, 102, 103, 104, 105, 106, 107, 108, 109, 110, 111, 112, 113, 114, 115, 116, 117, 118, 119, 120, 121, 122, 123, 124, 125, 126, 127, 128, 129, 130, 131, 132, 133, 134, 135, 136, 137, 138, 139, 140, 141, 142, 143, 144, 145, 146, 147, 148, 149, 150, 151, 152]
00011100	[153, 154, 155, 156, 157]
01010100	[158, 159, 160, 161, 162, 163, 164, 165, 166, 167, 168, 169, 170, 171, 172, 173, 174, 175, 176, 177, 178, 179, 180, 181, 182, 183, 184, 185, 186, 187, 188, 189, 190, 191, 192, 193, 194, 195, 196, 197, 198, 199, 200, 201, 202, 203, 204, 205, 206, 207, 208, 209, 210, 211, 212, 213, 214]

10011101	239	True
01101001	25	True
11011001	51	True
10001110	111	True
00011100	173	False
01010100	200	True

Number of codes used=6

Iteration=     70000 training nets give:
alice_loss.item()=0.0037901930045336485	bob_loss.item()=0.05182405561208725

10011101	[0, 1, 2, 3, 216, 217, 218, 219, 220, 221, 222, 223, 224, 225, 226, 227, 228, 229, 230, 231, 232, 233, 234, 235, 236, 237, 238, 239, 240, 241, 242, 243, 244, 245, 246, 247, 248, 249, 250, 251, 252, 253, 254, 255]
01101001	[4, 5, 6, 7, 8, 9, 10, 11, 12, 13, 14, 15, 16, 17, 18, 19, 20, 21, 22, 23, 24, 25, 26, 27, 28, 29, 30, 31, 32, 33, 34, 35, 36, 37]
11011001	[38, 39, 40, 41, 42, 43, 44, 45, 46, 47, 48, 49, 50, 51, 52, 53, 54, 55, 56, 57, 58, 59, 60, 61, 62, 63, 64, 65, 66, 67, 68, 69, 70, 71, 72, 73, 74, 75, 76, 77, 78, 79, 80, 81, 82]
10001110	[83, 84, 85, 86, 87, 88, 89, 90, 91, 92, 93, 94, 95, 96, 97, 98, 99, 100, 101, 102, 103, 104, 105, 106, 107, 108, 109, 110, 111, 112, 113, 114, 115, 116, 117, 118, 119, 120, 121, 122, 123, 124, 125, 126, 127, 128, 129, 130, 131, 132, 133, 134, 135, 136]
00011100	[137, 138, 139, 140, 141, 142, 143, 144, 145, 146, 147, 148, 149, 150, 151, 152, 153, 154, 155, 156, 157, 158, 159, 160, 161, 162, 163, 164, 165, 166, 167, 168, 169, 170, 171, 172, 173, 174, 175, 176, 177, 178, 179, 180, 181, 182, 183]
01010100	[184, 185, 186, 187, 188, 189, 190, 191, 192, 193, 194, 195, 196, 197, 198, 199, 200, 201, 202, 203, 204, 205, 206, 207, 208, 209, 210, 211, 212, 213, 214, 215]

10011101	239	True
01101001	23	True
11011001	53	True
10001110	122	True
00011100	162	True
01010100	188	True

Number of codes used=6


End of hp run 1.  Result of run:
[(-0.9341021327262095, 70000), ('21-05-15_07:57:53BST_NLearn_model_1_Alice_iter70000', '21-05-15_07:57:53BST_NLearn_model_1_Bob_iter70000')]
(-0.9341021327262095, 70000)



Time taken over all 1 given sets of hyperparameters=1:56:34, averaging 1:56:34 per run


 ---- Table of results ----

 code  hp_run  result
    0       1  (-0.934, 70000)
 --------------------------

++++ Best result was (-0.934, 70000) on hp_run=1 with
hyperparameters = {
	'N_ITERATIONS': 70000,
	'RANDOM_SEEDS': (714844, 936892, 888616, 165835),
	'ALICE_NET': 'MaxNet("In", 3, 50)',
	'BOB_NET': 'FFs(3, 50)',
	'BATCHSIZE': 32,
	'GAMESIZE': 32,
	'BUFFER_CAPACITY': 640000,
	'START_TRAINING': 20000,
	'N_SELECT': 256,
	'EPSILON_ONE_END': 2000,
	'EPSILON_MIN': 0.0,
	'EPSILON_MIN_POINT': 20000,
	'ALICE_PLAY': 'QPerCode',
	'ALICE_TRAIN': 'QPerCode',
	'BOB_PLAY': 'CircularVocab',
	'BOB_TRAIN': 'CircularVocab',
	'ALICE_OPTIMIZER': 'SGD(lr=0.01)',
	'BOB_OPTIMIZER': 'SGD(lr=0.01)',
	'ALICE_LOSS_FUNCTION': 'Huber(beta=0.1)',
	'BOB_LOSS_FUNCTION': 'Huber(beta=0.1)',
	'ALICE_PROXIMITY_BONUS': 100000000,
	'ALICE_PROXIMITY_SLOPE_LENGTH': 10000,
	'ALICE_LAST_TRAINING': 10000000,
	'NOISE_START': 30000,
	'NOISE': 0.0,
	'ALICE_DOUBLE': None,
	'N_CODE': 8,
	'N_NUMBERS': 256
	'n_rng': Generator(PCG64)
	'ne_rng': Generator(PCG64)
	't_rng': <torch._C.Generator object at 0x7fe95e6e4cf0>
	'te_rng': <torch._C.Generator object at 0x7fe95e6e4970>
}


End closed log for run 21-05-15_07:57:53BST
