The closed log for run 21-05-05_11:27:12BST

RANDOM_SEED = 42
TUPLE_SPEC = ((16,),)
N_CODE = 8
SMOOTHING_LENGTH = 10000
DEVICE = torch.device("cuda" if torch.cuda.is_available() else "cpu")  # Used: "cuda"
MODEL_FOLDER = 'models'
CONFIGS_FOLDER = 'configs'
LOGS_FOLDER = 'logs'

hyperparameters = {
	'N_ITERATIONS': 150000,
	'ITERATIONS_SEED': 100,
	'RANDOM_SEED': 42,
	'TORCH_RANDOM_SEED': 4242,
	'ALICE_LAYERS': 3,
	'ALICE_WIDTH': 50,
	'BOB_LAYERS': 3,
	'BOB_WIDTH': 50,
	'BATCHSIZE': 32,
	'GAMESIZE': 32,
	'BUFFER_CAPACITY': 640000,
	'START_TRAINING': 20000,
	'N_SELECT': 16,
	'EPSILON_ONE_END': 40000,
	'EPSILON_MIN': 0.01,
	'EPSILON_MIN_POINT': 300000,
	'ALICE_STRATEGY': 'from_decisions',
	'BOB_STRATEGY': 'circular_vocab',
	'ALICE_OPTIMIZER': [('SGD', '{"lr": 0.01}')],
	'BOB_OPTIMIZER': [('SGD', '{"lr": 0.01}')],
	'ALICE_LOSS_FUNCTION': ('MSEBits', {}),
	'BOB_LOSS_FUNCTION': 'Same',
	'ALICE_PROXIMITY_BONUS': 30000,
	'ALICE_PROXIMITY_SLOPE_LENGTH': 10000,
	'ALICE_LAST_TRAINING': 10000000
}



>>>> hp_run=1 of 1
hyperparameters = {
	'N_ITERATIONS': 150000,
	'ITERATIONS_SEED': 100,
	'RANDOM_SEED': 42,
	'TORCH_RANDOM_SEED': 4242,
	'ALICE_LAYERS': 3,
	'ALICE_WIDTH': 50,
	'BOB_LAYERS': 3,
	'BOB_WIDTH': 50,
	'BATCHSIZE': 32,
	'GAMESIZE': 32,
	'BUFFER_CAPACITY': 640000,
	'START_TRAINING': 20000,
	'N_SELECT': 16,
	'EPSILON_ONE_END': 40000,
	'EPSILON_MIN': 0.01,
	'EPSILON_MIN_POINT': 300000,
	'ALICE_STRATEGY': 'from_decisions',
	'BOB_STRATEGY': 'circular_vocab',
	'ALICE_OPTIMIZER': ('SGD', '{"lr": 0.01}'),
	'BOB_OPTIMIZER': ('SGD', '{"lr": 0.01}'),
	'ALICE_LOSS_FUNCTION': ('MSEBits', {}),
	'BOB_LOSS_FUNCTION': 'Same',
	'ALICE_PROXIMITY_BONUS': 30000,
	'ALICE_PROXIMITY_SLOPE_LENGTH': 10000,
	'ALICE_LAST_TRAINING': 10000000
}

tuple_specs.random_reward_sd()=0.7071067811865476
Iteration=     20000
Codes=
11001100
00101100
00110011
11110110
11110001
11100010
00100111
01010001
10001011
00000001
10001110
01111011
00100011
01010010
10011111
01001001
01101011
00010010
00010101
00111011
10011001
00111001
10100001
01011100
00010000
00011001
10100100
11001000
11000101
11000111
10001110
00011101

Iteration=     30000
Codes=
00111001
10110011
11100111
11000000
01111110
11011010
10011101
10101000
11101011
00011000
11010010
11110010
11000111
10110000
11001010
00100111
10010011
01011101
11111010
00101010
01000101
10011001
00011001
01000111
10110001
01010011
01111010
01110011
11001101
11001110
01100111
11011111

Iteration=     40000
Codes=
01001111
01010001
00011100
11111100
00101001
01001010
00101111
01010011
10011111
00111000
00111111
01011111
00011111
10101001
01010011
10110011
11110110
11001101
11011010
01100000
10000101
01110010
00101001
11011110
00101001
01001101
00101110
10001000
11110010
01110001
00101101
11010000

Iteration=     50000
Codes=
10011111
11101100
00100111
00101110
11001000
11000100
11001000
10101110
10101011
01011011
00101000
01100101
10101111
01000110
10101000
01100110
00000000
00011010
01111111
01100101
11101111
10100010
10110011
00101000
00111010
11100001
00010001
10011100
11011101
10010100
11100111
01101111

Iteration=     60000
Codes=
00001001
00010000
00101000
10111100
10011100
10000001
10000010
00110101
10000110
10100101
01011010
11000100
00010100
10000001
10001111
00101000
01111001
01000011
01110111
00000100
01000000
10111001
10101010
11100000
11000111
01000100
00100111
10101101
10110001
01010110
10010000
10101101

Iteration=     70000
Codes=
10110101
00010110
00111010
01100110
00000011
00100111
10001001
01001010
11001100
00010001
01101101
11010011
11101100
10110110
10110110
01101101
00011110
10101101
10100011
01011011
10011111
11101111
10011101
10011101
01101011
00100111
10110011
10001111
11001011
00100101
11001100
11011000

Iteration=     80000
Codes=
00000101
01011100
01011111
10111001
01000001
01110010
10110011
01101111
10011000
01100000
00001011
11111100
00110010
10101101
01010010
01000110
11110000
10010000
10111101
11001100
11110110
00000111
10001110
01010100
10010011
11001101
11100001
00101000
11100000
10111011
10110110
01110000

Iteration=     90000
Codes=
10010010
10001000
11101000
10001110
01010111
11000010
00101110
11101110
10100001
10001000
00010011
11111011
01111110
10110111
00100101
10010100
00100000
11101001
11001011
10101001
00100111
11001011
10010011
10110001
00100101
01010001
00111010
10010101
00111101
00000111
00100001
01111110

Iteration=    100000
Codes=
11101100
01111011
00001111
01010100
10101111
10101010
00100000
01001101
00000101
01101100
10000101
00001101
00101001
01110000
11011001
01011101
01001101
01100001
11100110
01101001
11110011
00101001
11010011
01111001
00111000
10110111
00100101
10101111
10010001
00110010
01110101
11110010

Iteration=    110000
Codes=
11001001
10010110
00000011
11011010
00100110
10101101
01100100
10111110
11101010
10001100
01110101
10110110
01101001
01101001
11101110
01010110
10101010
10011011
10100101
00100110
10010110
10001011
00100111
01101011
10111010
00000001
10110010
11101100
00001010
00100101
00001111
00100111

Iteration=    120000
Codes=
00100100
11011101
10110111
10110111
01000111
01100110
00100111
00100111
00101010
10110011
01110101
01101100
00100101
01010001
01101010
00100101
10001111
10011101
00010010
00010000
00110010
00100101
00100101
11000110
00011000
10110011
10001111
00100101
11101101
11100110
00000000
11000101

Iteration=    130000
Codes=
01101010
11100100
01010110
11001100
10101101
11001101
11001000
00100111
10010001
10011100
00111110
00001010
00010101
00111111
00100101
01110011
10001110
00100000
11110010
00100111
01110000
10011000
10110000
00110110
10100111
10110111
01101011
01001000
01101011
10111011
00011001
11011111

Iteration=    140000
Codes=
11010101
11111110
00100010
00100000
10010010
00011111
00010010
00100101
10100101
00100111
10101010
11010001
10100101
01001000
10100111
00100101
10101010
00000001
11010100
00111001
00100101
11110000
00100011
01000100
11101000
00111001
11011110
10101010
01010111
10011001
10100111
10001100

Iteration=    150000
Codes=
00001100
00001000
10110011
01110011
10110010
00100111
11001111
00100000
10100111
11010100
01000010
01100110
10010101
10100010
00100111
10101010
10011110
11010010
10110011
01110111
10110011
11110111
00100111
10100111
10100101
10110011
11011000
00001100
10101010
10100101
11111000
00001011




Time taken over all 1 given sets of hyperparameters=0:49:55, averaging 0:49:55 per run


 ---- Table of results ----

 code  hp_run  result
   00       1  (-0.953, 150000)
 --------------------------

++++ Best result was (-0.953, 150000) on hp_run=1 with
hyperparameters = {
	'N_ITERATIONS': 150000,
	'ITERATIONS_SEED': 100,
	'RANDOM_SEED': 42,
	'TORCH_RANDOM_SEED': 4242,
	'ALICE_LAYERS': 3,
	'ALICE_WIDTH': 50,
	'BOB_LAYERS': 3,
	'BOB_WIDTH': 50,
	'BATCHSIZE': 32,
	'GAMESIZE': 32,
	'BUFFER_CAPACITY': 640000,
	'START_TRAINING': 20000,
	'N_SELECT': 16,
	'EPSILON_ONE_END': 40000,
	'EPSILON_MIN': 0.01,
	'EPSILON_MIN_POINT': 300000,
	'ALICE_STRATEGY': 'from_decisions',
	'BOB_STRATEGY': 'circular_vocab',
	'ALICE_OPTIMIZER': ('SGD', '{"lr": 0.01}'),
	'BOB_OPTIMIZER': ('SGD', '{"lr": 0.01}'),
	'ALICE_LOSS_FUNCTION': ('MSEBits', {}),
	'BOB_LOSS_FUNCTION': 'Same',
	'ALICE_PROXIMITY_BONUS': 30000,
	'ALICE_PROXIMITY_SLOPE_LENGTH': 10000,
	'ALICE_LAST_TRAINING': 10000000
	'n_rng': Generator(PCG64)
	'ni_rng': Generator(PCG64)
	't_rng': <torch._C.Generator object at 0x7f3df0a13c30>
}


End closed log for run 21-05-05_11:27:12BST
