The closed log for run 21-05-14_06:59:42BST

SMOOTHING_LENGTH = 10000
SAVE_PERIOD = 100000
CODE_BOOK_PERIOD = 10000
DEVICE = torch.device("cuda" if torch.cuda.is_available() else "cpu")  # Used: "cuda"
MODEL_FOLDER = 'models'
CONFIGS_FOLDER = 'configs'
LOGS_FOLDER = 'logs'

hyperparameters = {
	'N_ITERATIONS': 70000,
	'RANDOM_SEEDS': [(714844, 936892, 888616, 165835)],
	'ALICE_NET': ['MaxNet("In", 3, 50,  bias_included=True, beta=0.6, relu=True)', 'MaxNet("In", 3, 50,  bias_included=True, beta=0.6, relu=False)', 'MaxNet("In", 3, 50, beta=1.0, relu=True)', 'MaxNet("In", 3, 50, beta=1.0, relu=False)', 'MaxNet("In", 3, 50, beta=0.6, relu=True)', 'MaxNet("In", 3, 50, beta=0.6, relu=False)'],
	'BOB_NET': 'FFs(3, 50)',
	'BATCHSIZE': 32,
	'GAMESIZE': 32,
	'BUFFER_CAPACITY': 640000,
	'START_TRAINING': 20000,
	'N_SELECT': 256,
	'EPSILON_ONE_END': 2000,
	'EPSILON_MIN': 0.0,
	'EPSILON_MIN_POINT': 20000,
	'ALICE_PLAY': 'QPerCode',
	'ALICE_TRAIN': 'QPerCode',
	'BOB_PLAY': 'CircularVocab',
	'BOB_TRAIN': 'CircularVocab',
	'ALICE_OPTIMIZER': 'SGD(lr=0.01)',
	'BOB_OPTIMIZER': 'SGD(lr=0.01)',
	'ALICE_LOSS_FUNCTION': 'Huber(beta=0.1)',
	'BOB_LOSS_FUNCTION': 'Huber(beta=0.1)',
	'ALICE_PROXIMITY_BONUS': 100000000,
	'ALICE_PROXIMITY_SLOPE_LENGTH': 10000,
	'ALICE_LAST_TRAINING': 10000000,
	'NOISE_START': 30000,
	'NOISE': 0.1,
	'ALICE_DOUBLE': None,
	'N_CODE': 8,
	'N_NUMBERS': 256
}



>>>> hp_run=1 of 6
hyperparameters = {
	'N_ITERATIONS': 70000,
	'RANDOM_SEEDS': (714844, 936892, 888616, 165835),
	'ALICE_NET': 'MaxNet("In", 3, 50,  bias_included=True, beta=0.6, relu=True)',
	'BOB_NET': 'FFs(3, 50)',
	'BATCHSIZE': 32,
	'GAMESIZE': 32,
	'BUFFER_CAPACITY': 640000,
	'START_TRAINING': 20000,
	'N_SELECT': 256,
	'EPSILON_ONE_END': 2000,
	'EPSILON_MIN': 0.0,
	'EPSILON_MIN_POINT': 20000,
	'ALICE_PLAY': 'QPerCode',
	'ALICE_TRAIN': 'QPerCode',
	'BOB_PLAY': 'CircularVocab',
	'BOB_TRAIN': 'CircularVocab',
	'ALICE_OPTIMIZER': 'SGD(lr=0.01)',
	'BOB_OPTIMIZER': 'SGD(lr=0.01)',
	'ALICE_LOSS_FUNCTION': 'Huber(beta=0.1)',
	'BOB_LOSS_FUNCTION': 'Huber(beta=0.1)',
	'ALICE_PROXIMITY_BONUS': 100000000,
	'ALICE_PROXIMITY_SLOPE_LENGTH': 10000,
	'ALICE_LAST_TRAINING': 10000000,
	'NOISE_START': 30000,
	'NOISE': 0.1,
	'ALICE_DOUBLE': None,
	'N_CODE': 8,
	'N_NUMBERS': 256
}

tuple_specs.random_reward_sd()=0.7071067811865476

Iteration=     20000 training nets give:
alice_loss.item()=1.104482650756836	bob_loss.item()=0.5894438028335571

10111101	[0, 1, 2, 3, 4, 5, 6, 7, 8, 9, 10, 11, 12, 13, 14, 15, 16, 17, 18, 19, 20, 21, 22, 23, 24, 25, 26, 27, 28, 29, 30, 31, 32, 33, 34, 35, 36, 37, 38, 39, 40, 41, 42, 43, 44, 45, 46, 47, 48, 49, 50, 51, 52, 53, 54, 55, 56, 57, 58, 59, 60, 61, 62, 63, 64, 65, 66, 67, 68, 69, 70, 71, 72, 73, 74, 75, 76, 77, 78, 79, 80, 81, 82, 83, 84, 85, 86, 87, 88, 89, 90, 91, 92, 93, 94, 95, 96, 97, 98, 99, 100, 101, 102, 103, 104, 105, 106, 107, 108, 109, 110, 111, 112, 113, 114, 115, 116, 117, 118, 119, 120, 121, 122, 123, 124, 125, 126, 127, 128, 129, 130, 131, 132, 133, 134, 135, 136, 137, 138, 139, 140, 141, 142, 143, 144, 145, 146, 147, 148, 149, 150, 151, 152, 153, 154, 155, 156, 157, 158, 159, 160, 161, 162, 163, 164, 165, 166, 167, 168, 169, 170, 171, 172, 173, 174, 175, 176, 177, 178, 179, 180, 181, 182, 183, 184, 185, 186, 187, 188, 189, 190, 191, 192, 193, 194, 195, 196, 197, 198, 199, 200, 201, 202, 203, 204, 205, 206, 207, 208, 209, 210, 211, 212, 213, 214, 215, 216, 217, 218, 219, 220, 221, 222, 223, 224, 225, 226, 227, 228, 229, 230, 231, 232, 233, 234, 235, 236, 237, 238, 239, 240, 241, 242, 243, 244, 245, 246, 247, 248, 249, 250, 251, 252, 253, 254, 255]

10111101	20	True

Number of codes used=1

Iteration=     30000 training nets give:
alice_loss.item()=0.3775198459625244	bob_loss.item()=0.4595375061035156

10110011	[0, 1, 2, 3, 4, 5, 6, 7, 8, 9, 10, 11, 12, 13, 14, 15, 16, 17, 18, 19, 20, 21, 22, 23, 24, 25, 26, 27, 28, 29, 30, 31, 32, 33, 34, 35, 36, 37, 38, 39, 40, 41, 42, 43, 44, 45, 46, 47, 48, 49, 50, 51, 52, 53, 54, 55, 56, 57, 58, 59, 60, 61, 62, 236, 238, 239, 240, 241, 242, 243, 244, 245, 246, 247, 248, 249, 250, 251, 252, 253, 254, 255]
10101101	[63, 64, 65, 66, 67, 68, 69, 70, 71, 72, 73, 74, 75, 76, 77, 78, 79, 80, 81, 82, 83, 84, 85, 86, 87, 189, 190, 191, 192, 193, 194, 195, 196, 197, 198, 199, 200, 201, 202, 203, 204, 205, 206, 207, 208, 209, 210, 211, 212, 213, 214, 215, 216, 217, 218, 219, 220, 221, 222, 223, 224, 225, 226, 227, 228, 229, 230, 231, 232, 233, 234, 235, 237]
00000111	[88, 89, 90, 91, 92, 93, 94, 95, 96, 97, 98, 99, 100, 101, 102, 103, 104, 105, 106, 107, 108, 109, 110, 111, 112, 113, 114, 115, 116, 117, 118, 119, 120, 121, 122, 123, 124, 125, 126, 127, 128, 129, 130, 131, 132, 133, 134, 135, 136, 137, 138, 139, 140, 141, 142, 143, 144, 145, 146, 147, 148, 149, 150, 151, 152, 153, 154, 155, 156, 157, 158, 159, 160, 161, 162, 163, 164, 165, 166, 167, 168, 169, 170, 171, 172, 173, 174, 175, 176, 177, 178, 179, 180, 181, 182, 183, 184, 185, 186, 187, 188]

10110011	56	True
10101101	49	False
00000111	129	True

Number of codes used=3

Iteration=     40000 training nets give:
alice_loss.item()=0.31381863355636597	bob_loss.item()=0.4696510434150696

11100110	[0, 1, 2, 3, 4, 5, 6, 7, 8, 9, 10, 11, 12, 13, 14, 15, 16, 17, 18, 19, 20, 21, 22, 23, 24, 25, 26, 233, 234, 235, 236, 237, 238, 239, 240, 241, 242, 243, 244, 245, 246, 247, 248, 249, 250, 251, 252, 253, 254, 255]
10010000	[27, 28, 29, 30, 31, 32, 33, 34, 35, 36, 37, 38, 39, 40, 41, 42, 43, 44, 45, 46, 47, 48, 49, 50, 51, 52, 53, 54, 55, 56, 57, 58, 59, 60, 61, 62, 63, 64, 65, 66, 67, 68, 69, 70, 71, 72, 73, 74, 75, 76, 77, 78, 79, 80, 81, 84, 85, 86, 87, 88, 89, 90, 91, 92, 93, 94, 95, 96, 97, 98, 99, 100, 101, 102, 103, 104, 105, 106, 107, 108, 109, 110, 111]
10100011	[82, 83]
00000111	[112, 113, 114, 115, 116, 117, 118, 119, 120, 121, 122, 123, 124, 125, 126, 127, 128, 129, 130, 131, 132, 133, 134, 135, 136, 137, 138, 139, 140, 141, 142, 143, 144, 145, 149]
00001111	[146, 147, 148, 150, 151, 152, 153, 154, 155, 156, 157, 158, 159, 160]
11100100	[161, 162, 163, 164, 165, 166, 167, 168, 169, 170, 171, 172, 173, 174, 175, 176, 177, 178, 179, 180, 181, 182, 183, 184, 185, 186, 187, 188, 189, 190, 191, 192, 193, 194, 195, 196, 197, 198, 199, 200, 203, 204]
11011110	[201, 202, 205, 206, 207, 208, 209, 210, 211, 212, 213, 214, 215, 216, 217, 218, 219, 220, 221, 222, 223, 224, 225, 226, 227, 228, 229, 230, 231, 232]

11100110	230	False
10010000	63	True
10100011	57	False
00000111	110	False
00001111	151	True
11100100	219	False
11011110	213	True

Number of codes used=7

Iteration=     50000 training nets give:
alice_loss.item()=0.27591148018836975	bob_loss.item()=0.26974794268608093

10100001	[0, 1, 2, 3, 4, 5, 6, 7, 8, 9, 10, 11, 12, 13, 14, 15, 16, 17, 18, 19]
10111011	[20, 21, 22, 23, 24, 25, 26, 27, 28, 29, 30, 31, 32, 33, 34, 35, 36, 37, 38, 39, 40, 41, 42, 43, 44, 45, 46, 47, 48, 49, 50, 51, 52, 53, 54, 55, 56, 57, 58, 59, 60, 61, 62, 63, 64, 65, 66, 67, 68, 69, 70, 71, 72, 73, 74, 75, 76, 77, 78, 79, 80, 81, 82, 83, 84, 85, 86, 87, 88, 89, 90, 91, 92]
00000100	[93, 94, 95, 96, 97, 98, 99, 100, 101, 102, 162, 163, 164, 165, 166, 167, 168, 169]
10000111	[103, 104, 105, 106, 107, 108]
01000111	[109, 110, 111, 112, 113, 114, 115, 116, 117, 118, 119, 120, 121, 122, 123, 124, 125, 126, 127, 128, 129, 130, 131, 132, 133, 134, 135, 136, 137, 138, 139, 140, 141, 142, 143, 144, 145, 146, 147, 148, 149, 150, 151, 152, 153]
01001111	[154, 155, 156, 157, 158, 159, 160, 161, 170, 171, 172, 173, 174, 175, 176, 177, 178, 179, 180, 181, 182, 183, 184, 185, 186, 187, 188, 189, 190, 191, 192, 193, 202, 203, 204, 205, 206, 207, 208, 209, 210, 211, 212, 213, 214, 215, 216]
11001100	[194, 195, 196, 197, 198, 199, 200, 201]
11011110	[217, 218, 219, 220, 221, 222, 223, 224, 225, 226, 227, 228, 229, 230, 231, 232, 233, 234, 235, 236, 237, 238, 239, 240]
11001010	[241, 242, 243, 244, 245, 246, 247, 248, 249, 250, 251, 252, 253, 254, 255]

10100001	51	False
10111011	38	True
00000100	146	False
10000111	104	True
01000111	125	True
01001111	205	True
11001100	209	False
11011110	213	False
11001010	219	False

Number of codes used=9

Iteration=     60000 training nets give:
alice_loss.item()=0.06855401396751404	bob_loss.item()=0.17200301587581635

11011100	[0, 1, 2, 3, 4, 5, 6, 7, 8, 9, 10, 194, 195, 196, 197, 198, 199, 200, 201, 202, 203, 204, 205, 206, 207, 208, 209, 210, 211, 212, 213, 214, 215, 216, 217, 218, 219, 220, 221, 222, 223, 224, 239, 240, 241, 242, 243, 244, 245, 246, 247, 248, 249, 250, 251, 252, 253, 254, 255]
10111000	[11, 12, 13, 14, 15, 16]
10101001	[17, 18, 19, 20, 21, 24, 25, 27, 28, 29]
11111011	[22, 23]
00110011	[26, 30, 31, 32, 33, 34, 35, 36, 90, 91, 92, 93, 94]
10110010	[37, 38, 39, 40, 41, 42, 43, 44, 45, 46, 47, 48, 49, 50, 51, 52, 53, 54, 55, 56, 57, 58, 59, 60, 61, 62, 63, 64, 65, 66, 67, 68, 69, 70, 71, 72, 73, 74, 75, 76, 77, 78, 79, 80, 81, 82, 83, 84, 85, 86, 87, 88, 89]
01100000	[95, 96, 97, 98, 99, 100, 101, 102, 103, 104, 105, 106, 107, 108, 109, 110, 111, 112, 113, 114, 115, 116, 117, 118, 119, 120, 121, 122, 123, 124, 125, 126, 127, 128, 129, 130, 131, 132, 133, 134, 135, 136, 137, 138, 139, 140, 141, 142, 143, 144, 145, 146, 147, 148, 149, 150, 151, 152, 153, 154, 155, 156, 157, 158, 159, 160, 161]
01000000	[162, 163, 164, 165, 166, 167, 168, 169, 170, 171, 172, 173, 174, 175, 176, 177, 178, 179, 180, 181, 182, 183, 184, 189, 190, 191, 192, 193]
11101010	[185, 186, 187, 188]
01011100	[225, 226, 227, 228, 229, 230, 231, 232, 233, 234, 235, 236, 237, 238]

11011100	236	False
10111000	37	False
10101001	25	True
11111011	41	False
00110011	54	False
10110010	48	True
01100000	168	False
01000000	150	False
11101010	218	False
01011100	216	False

Number of codes used=10

Iteration=     70000 training nets give:
alice_loss.item()=0.06853047013282776	bob_loss.item()=0.12649005651474

01011111	[0, 202, 203, 204, 205, 206, 207, 208, 209, 210, 211, 212, 249, 250, 251, 252, 253, 254, 255]
10010110	[1, 2, 3, 4, 5, 6, 7, 8, 9]
11110000	[10, 11, 35, 36, 37, 81, 82, 83, 84, 85, 86]
10010011	[12, 13, 14, 15, 16, 17, 18, 19, 20, 21, 22, 23, 24, 28, 29, 30, 31, 32, 33, 34, 38, 39, 40, 41, 42, 43, 44, 45, 46, 47, 48, 49, 50, 51, 52, 53, 54, 55, 56, 57, 58, 59, 60, 61, 62, 63, 64, 65, 66, 67, 68, 69, 70, 71, 72, 73, 74, 75, 76, 77, 78, 79, 80]
11110011	[25, 26, 27]
10000111	[87, 88, 89, 90, 91]
10110111	[92, 93, 94, 95, 96, 97]
00010011	[98, 99, 100, 101]
00100110	[102, 103, 104, 105, 106, 107, 108, 109, 110, 111, 112, 113, 114, 115, 116, 117, 118, 119, 120, 121, 122, 123, 124, 125, 126, 127, 128, 129, 130, 131, 132, 133, 134, 135, 136, 137, 138, 139, 140, 141, 142, 143, 144, 145, 146, 147, 148, 149, 150, 151, 152, 153, 154, 155]
00100100	[156, 157, 158, 159, 160, 161, 162, 163, 164, 165, 166, 167, 168, 169, 170, 171, 172, 173, 174, 175, 176, 177, 178, 179, 180, 181, 182, 183, 184, 185, 186, 187, 188, 189, 190, 191, 192, 193, 194, 195, 196, 197, 198, 199, 200, 201]
10110100	[213, 214, 223, 224, 225, 226, 227, 228, 229, 230, 231, 232, 233, 234, 235, 236, 237, 238, 239, 240, 241, 242, 243, 244, 245, 246, 247, 248]
10001110	[215, 216, 217, 218, 219, 220, 221, 222]

01011111	23	False
10010110	12	False
11110000	48	False
10010011	48	True
11110011	62	False
10000111	107	False
10110111	60	False
00010011	113	False
00100110	144	True
00100100	146	False
10110100	22	False
10001110	206	False

Number of codes used=12


End of hp run 1.  Result of run:
[(-0.8336419937823514, 70000), ('21-05-14_06:59:42BST_NLearn_model_1_Alice_iter70000', '21-05-14_06:59:42BST_NLearn_model_1_Bob_iter70000')]
(-0.8336419937823514, 70000)


>>>> hp_run=2 of 6, time elapsed 1:57:10 of estimated 11:42:57, 
implying ending at 18:42:40BST on Friday 14 May 2021
hyperparameters = {
	'N_ITERATIONS': 70000,
	'RANDOM_SEEDS': (714844, 936892, 888616, 165835),
	'ALICE_NET': 'MaxNet("In", 3, 50,  bias_included=True, beta=0.6, relu=False)',
	'BOB_NET': 'FFs(3, 50)',
	'BATCHSIZE': 32,
	'GAMESIZE': 32,
	'BUFFER_CAPACITY': 640000,
	'START_TRAINING': 20000,
	'N_SELECT': 256,
	'EPSILON_ONE_END': 2000,
	'EPSILON_MIN': 0.0,
	'EPSILON_MIN_POINT': 20000,
	'ALICE_PLAY': 'QPerCode',
	'ALICE_TRAIN': 'QPerCode',
	'BOB_PLAY': 'CircularVocab',
	'BOB_TRAIN': 'CircularVocab',
	'ALICE_OPTIMIZER': 'SGD(lr=0.01)',
	'BOB_OPTIMIZER': 'SGD(lr=0.01)',
	'ALICE_LOSS_FUNCTION': 'Huber(beta=0.1)',
	'BOB_LOSS_FUNCTION': 'Huber(beta=0.1)',
	'ALICE_PROXIMITY_BONUS': 100000000,
	'ALICE_PROXIMITY_SLOPE_LENGTH': 10000,
	'ALICE_LAST_TRAINING': 10000000,
	'NOISE_START': 30000,
	'NOISE': 0.1,
	'ALICE_DOUBLE': None,
	'N_CODE': 8,
	'N_NUMBERS': 256
}

tuple_specs.random_reward_sd()=0.7071067811865476

Iteration=     20000 training nets give:
alice_loss.item()=0.626078724861145	bob_loss.item()=0.6119990348815918

00100101	[0, 1, 2, 3, 4, 5, 6, 7, 8, 9, 10, 11, 12, 13, 14, 15, 16, 17, 18, 19, 20, 21, 22, 23, 24, 25, 26, 27, 28, 29, 30, 31, 32, 33, 34, 35, 36, 37, 38, 39, 40, 41, 42, 43, 44, 45, 46, 47, 48, 49, 50, 51, 52, 53, 54, 55, 56, 57, 58, 59, 60, 61, 62, 63, 64, 65, 66, 67, 68, 69, 70, 71, 72, 73, 74, 75, 76, 77, 78, 79, 80, 81, 82, 83, 84, 85, 86, 87, 88, 89, 90, 91, 92, 93, 94, 95, 96, 97, 98, 99, 100, 101, 102, 103, 104, 105, 106, 107, 108, 109, 110, 111, 112, 113, 114, 115, 116, 117, 118, 119, 120, 121, 122, 123, 124, 125, 126, 127, 128, 129, 130, 131, 132, 133, 134, 135, 136, 137, 138, 139, 140, 141, 142, 143, 144, 145, 146, 147, 148, 149, 150, 151, 152, 153, 154, 155, 156, 157, 158, 159, 160, 161, 162, 163, 164, 165, 166, 167, 168, 169, 170, 171, 172, 173, 174, 175, 176, 177, 178, 179, 180, 181, 182, 183, 184, 185, 186, 187, 188, 189, 190, 191, 192, 193, 194, 195, 196, 197, 198, 199, 200, 201, 202, 203, 204, 205, 206, 207, 208, 209, 210, 211, 212, 213, 214, 215, 216, 217, 218, 219, 220, 221, 222, 223, 224, 225, 226, 227, 228, 229, 230, 231, 232, 233, 234, 235, 236, 237, 238, 239, 240, 241, 242, 243, 244, 245, 246, 247, 248, 249, 250, 251, 252, 253, 254, 255]

00100101	133	True

Number of codes used=1

Iteration=     30000 training nets give:
alice_loss.item()=0.313835471868515	bob_loss.item()=0.48544999957084656

10001101	[0, 1, 2, 3, 4, 5, 6, 7, 8, 9, 10, 11, 12, 13, 14, 15, 16, 17, 18, 19, 20, 21, 22, 23, 24, 25, 26, 27, 28, 29, 30, 31, 32, 33, 34, 35, 36, 37, 38, 39, 40, 41, 42, 43, 44, 45, 46, 47, 48, 49, 50, 51, 52, 53, 54, 55, 56, 57, 58, 59, 60, 61, 62, 63, 64, 65, 66, 67, 68, 69, 70, 71, 72, 73, 217, 218, 219, 220, 221, 222, 223, 224, 225, 226, 227, 228, 229, 230, 231, 232, 233, 234, 235, 236, 237, 238, 239, 240, 241, 242, 243, 244, 245, 246, 247, 248, 249, 250, 251, 252, 253, 254, 255]
00110000	[74, 75]
00100101	[76, 77, 78, 79, 80, 81, 82, 83, 84, 85, 86, 87, 88, 89, 90, 91, 92, 93, 94, 95, 96, 97, 98, 99, 100, 101, 102, 103, 104, 105, 106, 107, 108, 109, 110, 111, 112, 113, 114, 115, 116, 117, 118, 119, 120, 121, 122, 123, 124, 125, 126, 127, 128, 129, 130, 131, 132, 133, 134, 135, 136, 137, 138, 139, 140, 141, 142, 143, 144, 145, 146, 147, 148, 149, 150, 151, 152, 153, 154, 155, 156, 157, 158, 159, 160, 161, 162, 163, 164, 165, 166, 167, 168, 169, 170, 171, 172, 173, 174, 175, 176, 177, 178, 179, 180, 181, 182, 183, 184, 185, 186, 187]
01010111	[188, 189, 190, 191, 192, 193]
11101100	[194, 195, 196, 197, 198, 199, 200, 201, 202, 203, 204, 205, 206, 207, 208, 209, 210, 211, 212, 213, 214, 215, 216]

10001101	41	True
00110000	101	False
00100101	116	True
01010111	115	False
11101100	15	False

Number of codes used=5

Iteration=     40000 training nets give:
alice_loss.item()=0.26860594749450684	bob_loss.item()=0.42540836334228516

10001101	[0, 1, 2, 3, 4, 5, 6, 7, 8, 9, 10, 11, 12, 13, 14, 15, 16, 17, 18, 19, 20, 21, 22, 23, 24, 25, 26, 27, 28, 29, 30, 31, 32, 33, 34, 35, 36, 37, 38, 39, 40, 41, 42, 43, 44, 45, 46, 47, 48, 49, 50, 255]
00001000	[51, 52, 53, 54, 55, 56, 57, 58, 59, 60, 61, 62, 63, 64, 65, 66, 67, 68, 69, 70, 71, 72, 73, 74]
00100111	[75, 76, 77, 78, 79, 80, 81, 82, 83, 84, 85, 86, 87, 159, 160, 161, 162, 163, 164, 165, 166]
00100101	[88, 89, 90, 91, 92, 93, 94, 95, 96, 97, 98, 99, 100, 101, 102, 103, 104, 105, 106, 107, 108, 109, 110, 111, 112, 113, 114, 115, 116, 117, 118, 119, 120, 121, 122, 123, 124, 125, 126, 127, 128, 129, 130, 131, 132, 133, 134, 135, 136, 137, 138, 139, 140, 141, 142, 143, 144, 145, 146, 147, 148, 149, 150, 151, 152, 153, 154, 155, 156, 157, 158]
00100001	[167, 168, 169, 170, 171, 172, 173, 174, 175, 176, 177, 178, 179, 180]
01100101	[181, 182, 183, 184, 185]
10011101	[186, 187, 188, 189, 190, 191, 192, 193]
10001001	[194, 195, 196, 197, 198, 199, 200, 201, 202, 203, 204, 205, 206, 207, 208, 209, 210, 211, 212, 213, 214, 215, 216, 217, 218, 219, 220, 221, 222, 223, 224, 225, 226, 227, 228, 229, 230, 231, 232, 233, 234, 235, 236, 237, 238, 239, 240, 241, 242, 243, 244, 245, 246, 247, 248, 249, 250, 251, 252, 253, 254]

10001101	38	True
00001000	2	False
00100111	127	False
00100101	124	True
00100001	115	False
01100101	108	False
10011101	20	False
10001001	243	True

Number of codes used=8

Iteration=     50000 training nets give:
alice_loss.item()=0.1607196182012558	bob_loss.item()=0.29939091205596924

10001001	[0, 1, 2, 3, 4, 5, 6, 208, 209, 210, 211, 212, 213, 214, 215, 216, 217, 218, 219, 220, 221, 222, 223, 224, 225, 226, 227, 228, 229, 230, 231, 232, 233, 234, 235, 236, 237, 238, 239, 240, 241, 242, 243, 244, 245, 246, 247, 248, 249, 250, 251, 252, 253, 254, 255]
11001001	[7, 8, 194, 195, 196, 197, 198, 199, 200, 201, 202, 203, 204, 205, 206, 207]
10011101	[9, 10, 11, 12, 13, 14, 15, 16, 17, 18, 19, 20, 21]
10001101	[22, 23, 24, 25, 26, 27, 28, 29, 30, 31, 32, 33, 34, 35, 36, 37, 38, 39, 40, 41, 42, 43, 44, 45, 46, 47, 48, 49, 50, 51, 52, 53, 54, 55, 56, 57, 58, 59, 60, 61, 62]
00100100	[63, 64, 65, 66, 67]
00110101	[68, 69, 70, 71, 72, 73, 74, 75, 76, 77, 78, 79, 80, 81, 82, 83, 84, 85, 86, 87, 88, 89, 90]
10100101	[91, 92, 93, 94, 95, 96, 97, 98]
00100111	[99, 100, 101, 102, 103]
00100101	[104, 105, 106, 107, 108, 109, 110, 111, 112, 113, 114, 115, 116, 117, 118, 119, 120, 121, 122, 123, 124, 125, 126, 127, 128, 129, 130, 131, 132, 133, 134, 135, 136, 137, 138, 139, 140, 141, 142, 143, 144, 145, 146, 147, 148, 149, 150, 151, 152, 153, 154, 155, 156, 157, 158, 159]
01100001	[160, 161, 162, 163, 164, 165, 166]
10001000	[167, 168, 169, 170, 171, 172, 173, 174, 175, 176, 177, 178, 179, 180, 181, 182, 183, 184, 185, 186, 187, 188, 189, 190, 191, 192, 193]

10001001	227	True
11001001	235	False
10011101	26	False
10001101	30	True
00100100	105	False
00110101	117	False
10100101	116	False
00100111	137	False
00100101	125	True
01100001	111	False
10001000	241	False

Number of codes used=11

Iteration=     60000 training nets give:
alice_loss.item()=0.06892412155866623	bob_loss.item()=0.23422494530677795

10001000	[0, 1, 2, 3, 4, 250, 251, 252, 253, 254, 255]
10101001	[5, 6, 7, 8, 9, 10, 11, 12, 13, 14, 15, 16]
10011101	[17, 18, 19, 20, 21, 22, 23, 24, 25, 26, 27, 28, 29, 30, 31, 32, 33, 34, 35, 36, 37, 38, 39, 40, 41, 42, 43, 44, 45, 46, 47, 48, 49, 50]
10001101	[51, 52, 53, 54]
00001100	[55, 56, 57, 58, 59, 60, 61, 62, 63, 64, 65, 66, 67, 68, 69, 70, 71, 72, 73, 74, 75, 76, 77, 78, 79]
00100100	[80, 81]
00101100	[82, 83, 84, 85, 86, 87, 88, 89, 90, 91, 92, 93, 94, 95, 96, 97, 98, 99, 100, 101, 109, 110, 111, 112, 113, 114, 115, 116, 117, 118, 119, 120, 121, 122, 123, 124, 125, 126, 127, 128, 129, 130, 131, 132, 133, 134, 135]
01100101	[102, 103, 104, 105, 106, 107, 108]
00100101	[136, 137, 138, 139, 140, 141, 142, 143, 144, 145, 146, 147, 148, 149, 150, 151, 152, 153, 154, 155, 156, 157, 158]
00000101	[159, 160, 161]
10100011	[162, 163, 164, 165, 166, 167, 168, 169, 170, 171, 172, 173, 174, 175, 176, 177, 178, 179, 180, 181, 182, 183, 184, 185, 186, 187, 188, 189, 190, 191, 192, 193, 194, 195, 196, 197, 198, 199, 200, 201, 202, 203, 204, 205, 206, 207, 208, 209, 210, 211, 212, 213, 214, 215, 216, 217, 218, 219, 220, 221, 222, 223, 224, 225]
10001001	[226, 227, 228, 229, 230, 231, 232, 233, 234, 235, 236, 237, 238, 239, 240, 241, 242, 243, 244, 245]
10000001	[246, 247, 248, 249]

10001000	248	False
10101001	255	False
10011101	38	True
10001101	31	False
00001100	42	False
00100100	99	False
00101100	97	True
01100101	119	False
00100101	125	False
00000101	125	False
10100011	202	True
10001001	231	True
10000001	2	False

Number of codes used=13

Iteration=     70000 training nets give:
alice_loss.item()=0.016023822128772736	bob_loss.item()=0.03890974074602127

10101001	[0, 1, 2, 3, 4, 5, 6, 7, 8, 9, 10, 11, 12, 254, 255]
00001101	[13, 14, 15, 16, 17, 18, 19, 20, 21, 22, 23, 24, 25]
10001100	[26, 27, 28]
10001101	[29, 30, 31, 32, 33, 34, 35, 36, 37, 38, 39, 40, 41]
00001100	[42, 43, 44, 45, 46, 47, 48, 49, 50, 51, 52, 53, 54, 55, 56, 57, 58, 59, 60, 61, 62, 63, 64, 65, 66]
00100110	[67, 68, 69, 70, 71, 72, 73, 74, 75, 76, 77, 78, 79, 80, 81, 82, 83, 84, 85, 86, 87, 88, 89, 90, 91, 92, 93, 94, 95, 96, 97, 98, 99, 100, 101, 102, 103, 104, 105, 106, 107, 108, 109, 110, 111, 112, 113, 114, 115, 116, 117, 118, 119, 120, 121, 122, 123, 124, 125, 126, 127, 128, 129, 130, 131, 132, 133, 134, 135, 136, 137, 138, 139, 140, 141, 142, 143, 144, 145, 146, 147, 148, 149, 150, 151, 152, 153, 154]
00100101	[155]
00000101	[156, 157, 158, 159, 160, 161, 162, 163, 164]
10100011	[165, 166, 167, 168, 169, 170, 171, 172, 173, 174, 175, 176, 177, 178, 179, 180, 181, 182, 183, 184, 185, 186, 187, 188, 189, 190, 191, 192, 193, 194, 195, 196, 197, 198, 199, 200, 201, 202, 203, 204, 205, 206, 207, 208, 209, 210, 211, 212, 213, 214, 215, 216, 217, 218]
10001001	[219, 220, 221, 222, 223, 224, 225, 226, 227, 228, 229, 230, 231, 232, 233, 234, 235, 236, 237, 238, 239, 240, 241]
10000001	[242, 243, 244, 245, 246, 247, 248, 249, 250, 251, 252, 253]

10101001	4	True
00001101	25	True
10001100	41	False
10001101	36	True
00001100	51	True
00100110	104	True
00100101	126	False
00000101	127	False
10100011	203	True
10001001	227	True
10000001	255	False

Number of codes used=11


End of hp run 2.  Result of run:
[(-0.8809612365203766, 70000), ('21-05-14_06:59:42BST_NLearn_model_2_Alice_iter70000', '21-05-14_06:59:42BST_NLearn_model_2_Bob_iter70000')]
(-0.8809612365203766, 70000)


>>>> hp_run=3 of 6, time elapsed 4:07:54 of estimated 12:23:43, 
implying ending at 19:23:25BST on Friday 14 May 2021
hyperparameters = {
	'N_ITERATIONS': 70000,
	'RANDOM_SEEDS': (714844, 936892, 888616, 165835),
	'ALICE_NET': 'MaxNet("In", 3, 50, beta=1.0, relu=True)',
	'BOB_NET': 'FFs(3, 50)',
	'BATCHSIZE': 32,
	'GAMESIZE': 32,
	'BUFFER_CAPACITY': 640000,
	'START_TRAINING': 20000,
	'N_SELECT': 256,
	'EPSILON_ONE_END': 2000,
	'EPSILON_MIN': 0.0,
	'EPSILON_MIN_POINT': 20000,
	'ALICE_PLAY': 'QPerCode',
	'ALICE_TRAIN': 'QPerCode',
	'BOB_PLAY': 'CircularVocab',
	'BOB_TRAIN': 'CircularVocab',
	'ALICE_OPTIMIZER': 'SGD(lr=0.01)',
	'BOB_OPTIMIZER': 'SGD(lr=0.01)',
	'ALICE_LOSS_FUNCTION': 'Huber(beta=0.1)',
	'BOB_LOSS_FUNCTION': 'Huber(beta=0.1)',
	'ALICE_PROXIMITY_BONUS': 100000000,
	'ALICE_PROXIMITY_SLOPE_LENGTH': 10000,
	'ALICE_LAST_TRAINING': 10000000,
	'NOISE_START': 30000,
	'NOISE': 0.1,
	'ALICE_DOUBLE': None,
	'N_CODE': 8,
	'N_NUMBERS': 256
}

tuple_specs.random_reward_sd()=0.7071067811865476

Iteration=     20000 training nets give:
alice_loss.item()=3.2678468227386475	bob_loss.item()=0.529630184173584

00011101	[0, 1, 2, 3, 4, 5, 6, 7, 8, 9, 10, 11, 12, 13, 14, 15, 16, 17, 18, 19, 20, 21, 22, 23, 24, 25, 26, 27, 28, 29, 30, 31, 32, 33, 34, 35, 36, 37, 38, 39, 40, 41, 42, 43, 44, 45, 46, 47, 48, 49, 50, 51, 52, 53, 54, 55, 56, 57, 58, 59, 60, 61, 62, 63, 64, 65, 66, 67, 68, 69, 70, 71, 72, 73, 74, 75, 76, 77, 78, 79, 80, 81, 82, 83, 84, 85, 86, 87, 88, 89, 90, 91, 92, 93, 94, 95, 96, 97, 98, 99, 100, 101, 102, 103, 104, 105, 106, 107, 108, 109, 110, 111, 112, 113, 114, 115, 116, 117, 118, 119, 120, 121, 122, 123, 124, 125, 126, 127, 128, 129, 130, 131, 132, 133, 134, 135, 136, 137, 138, 139, 140, 141, 142, 143, 144, 145, 146, 147, 148, 149, 150, 151, 152, 153, 154, 155, 156, 157, 158, 159, 160, 161, 162, 163, 164, 165, 166, 167, 168, 169, 170, 171, 172, 173, 174, 175, 176, 177, 178, 179, 180, 181, 182, 183, 184, 185, 186, 187, 188, 189, 190, 191, 192, 193, 194, 195, 196, 197, 198, 199, 200, 201, 202, 203, 204, 205, 206, 207, 208, 209, 210, 211, 212, 213, 214, 215, 216, 217, 218, 219, 220, 221, 222, 223, 224, 225, 226, 227, 228, 229, 230, 231, 232, 233, 234, 235, 236, 237, 238, 239, 240, 241, 242, 243, 244, 245, 246, 247, 248, 249, 250, 251, 252, 253, 254, 255]

00011101	70	True

Number of codes used=1

Iteration=     30000 training nets give:
alice_loss.item()=0.630369246006012	bob_loss.item()=0.6256042718887329

10110011	[0, 1, 2, 3, 4, 5, 6, 7, 8, 9, 10, 11, 12, 13, 14, 15, 16, 17, 18, 19, 20, 21, 22, 23, 24, 25, 26, 27, 28, 29, 30, 31, 32, 33, 34, 35, 36, 37, 38, 39, 40, 41, 42, 43, 44, 45, 46, 47, 48, 49, 50, 51, 52, 53, 54, 55, 56, 57, 58, 59, 60, 61, 62, 63, 64, 65, 66, 67, 68, 69, 70, 71, 72, 73, 74, 75, 76, 77, 78, 79, 80, 81, 82, 83, 84, 85, 86, 87, 88, 89, 90, 91, 92, 93, 94, 95, 96, 97, 98, 99, 100, 101, 102, 103, 104, 105, 106, 107, 108, 109, 110, 128, 129, 130, 131, 132, 133, 134, 135, 136, 137, 138, 139, 140, 141, 142, 143, 144, 145, 146, 147, 148, 149, 150, 151, 152, 153, 154, 155, 156, 157, 158, 159, 160, 161, 162, 163, 164, 165, 166, 167, 168, 169, 170, 171, 172, 173, 174, 175, 176, 177, 178, 179, 180, 181, 182, 183, 184, 185, 186, 187, 188, 189, 190, 191, 192, 193, 194, 195, 196, 197, 199, 200, 201, 202, 203, 204, 205, 206, 207, 208, 209, 210, 211, 212, 213, 214, 215, 216, 217, 218, 219, 220, 221, 222, 223, 224, 225, 226, 227, 228, 229, 230, 231, 232, 233, 234, 235, 236, 237, 238, 239, 240, 241, 242, 243, 244, 245, 246, 247, 248, 249, 250, 251, 252, 253, 254, 255]
11111100	[111, 112, 113, 114, 115, 116, 117, 118, 119, 120, 121, 122, 123, 124, 125, 126, 127, 198]

10110011	23	True
11111100	80	False

Number of codes used=2

Iteration=     40000 training nets give:
alice_loss.item()=0.6255900263786316	bob_loss.item()=0.6237173080444336

01001110	[0, 1, 2, 3, 4, 5, 6, 7, 8, 9, 10, 11, 12, 13, 14, 15, 16, 17, 18, 19, 20, 21, 22, 23, 24, 25, 26, 27, 28, 29, 30, 31, 32, 33, 34, 35, 36, 37, 38, 39, 40, 41, 42, 43, 44, 45, 46, 47, 48, 49, 50, 51, 52, 53, 54, 55, 56, 57, 58, 59, 60, 61, 62, 63, 64, 65, 66, 67, 68, 69, 70, 71, 72, 73, 74, 75, 76, 77, 78, 79, 80, 81, 82, 83, 84, 85, 86, 87, 88, 89, 90, 91, 92, 93, 94, 95, 96, 97, 98, 99, 100, 101, 102, 103, 104, 105, 106, 107, 108, 109, 110, 111, 112, 113, 114, 115, 116, 117, 118, 119, 120, 121, 122, 123, 124, 125, 126, 127, 128, 129, 130, 131, 132, 133, 134, 135, 136, 137, 138, 139, 140, 141, 142, 143, 144, 145, 146, 147, 148, 149, 150, 151, 152, 153, 154, 155, 156, 157, 158, 159, 160, 161, 162, 163, 164, 165, 166, 167, 168, 169, 170, 171, 172, 173, 174, 175, 176, 177, 178, 179, 180, 181, 182, 183, 184, 185, 186, 187, 188, 189, 190, 191, 192, 193, 194, 195, 196, 197, 198, 199, 200, 201, 202, 203, 204, 205, 206, 207, 208, 209, 210, 211, 212, 213, 214, 215, 216, 217, 218, 219, 220, 221, 222, 223, 224, 225, 226, 227, 228, 229, 230, 231, 232, 233, 234, 235, 236, 237, 238, 239, 240, 241, 242, 243, 244, 245, 246, 247, 248, 249, 250, 251, 252, 253, 254, 255]

01001110	90	True

Number of codes used=1

Iteration=     50000 training nets give:
alice_loss.item()=0.6167443990707397	bob_loss.item()=0.6107656359672546

11010101	[0, 1, 2, 3, 4, 5, 6, 7, 8, 9, 10, 11, 12, 13, 14, 15, 16, 17, 18, 19, 20, 21, 22, 23, 24, 25, 26, 27, 28, 29, 30, 31, 32, 33, 34, 35, 36, 37, 38, 39, 40, 41, 42, 43, 44, 45, 46, 47, 48, 49, 50, 51, 52, 53, 54, 55, 56, 57, 58, 59, 60, 61, 62, 63, 64, 65, 66, 67, 68, 69, 70, 71, 72, 73, 74, 75, 76, 77, 78, 79, 80, 81, 82, 83, 84, 85, 86, 87, 88, 89, 90, 91, 92, 93, 94, 95, 96, 97, 98, 99, 100, 101, 102, 103, 104, 105, 106, 107, 108, 109, 110, 111, 112, 113, 114, 115, 116, 117, 118, 119, 120, 121, 122, 123, 124, 125, 126, 127, 128, 129, 130, 131, 132, 133, 134, 135, 136, 137, 138, 139, 140, 141, 142, 143, 144, 145, 146, 147, 148, 149, 150, 151, 152, 153, 154, 155, 156, 157, 158, 159, 160, 161, 162, 163, 164, 165, 166, 167, 168, 169, 170, 171, 172, 173, 174, 175, 176, 177, 178, 179, 180, 181, 182, 183, 184, 185, 186, 187, 188, 189, 190, 191, 192, 193, 194, 195, 196, 197, 198, 199, 200, 201, 202, 203, 204, 205, 206, 207, 208, 209, 210, 211, 212, 213, 214, 215, 216, 217, 218, 219, 220, 221, 222, 223, 224, 225, 226, 227, 228, 229, 230, 231, 232, 233, 234, 235, 236, 237, 238, 239, 240, 241, 242, 243, 244, 245, 246, 247, 248, 249, 250, 251, 252, 253, 254, 255]

11010101	161	True

Number of codes used=1

Iteration=     60000 training nets give:
alice_loss.item()=0.5567318201065063	bob_loss.item()=0.5584987998008728

01011000	[0, 1, 2, 3, 4, 5, 6, 7, 8, 9, 10, 11, 12, 13, 14, 15, 16, 17, 18, 19, 20, 21, 22, 23, 24, 25, 26, 27, 28, 29, 30, 31, 32, 33, 34, 35, 36, 37, 38, 39, 40, 41, 42, 43, 44, 45, 46, 47, 48, 49, 50, 51, 52, 53, 54, 55, 56, 57, 58, 59, 60, 61, 62, 63, 64, 65, 66, 67, 68, 69, 70, 71, 72, 73, 74, 75, 76, 77, 78, 79, 80, 81, 82, 83, 84, 85, 86, 87, 88, 89, 90, 91, 92, 93, 94, 95, 96, 97, 98, 99, 100, 101, 102, 103, 104, 105, 106, 107, 108, 109, 110, 111, 112, 113, 114, 115, 116, 117, 118, 119, 120, 121, 122, 123, 124, 125, 126, 127, 128, 129, 130, 131, 132, 133, 134, 135, 136, 137, 138, 139, 140, 141, 142, 143, 144, 145, 146, 147, 148, 149, 150, 151, 152, 153, 154, 155, 156, 157, 158, 159, 160, 161, 162, 163, 164, 165, 166, 167, 168, 169, 170, 171, 172, 173, 174, 175, 176, 177, 178, 179, 180, 181, 182, 183, 184, 185, 186, 187, 188, 189, 190, 191, 192, 193, 194, 195, 196, 197, 198, 199, 200, 201, 202, 203, 204, 205, 206, 207, 208, 209, 210, 211, 212, 213, 214, 215, 216, 217, 218, 219, 220, 221, 222, 223, 224, 225, 226, 227, 228, 229, 230, 231, 232, 233, 234, 235, 236, 237, 238, 239, 240, 241, 242, 243, 244, 245, 246, 247, 248, 249, 250, 251, 252, 253, 254, 255]

01011000	176	True

Number of codes used=1

Iteration=     70000 training nets give:
alice_loss.item()=0.4356139898300171	bob_loss.item()=0.4392027258872986

10101010	[0, 1, 2, 3, 4, 5, 6, 7, 8, 9, 10, 11, 12, 13, 14, 15, 16, 17, 18, 19, 20, 21, 22, 23, 24, 25, 26, 27, 59, 60, 61, 62, 63, 64, 65, 66, 67, 68, 69, 70, 71, 72, 73, 74, 75, 76, 77, 78, 79, 80, 81, 82, 83, 84, 85, 86, 87, 88, 89, 90, 91, 92, 93, 94, 95, 96, 97, 98, 99, 100, 101, 102, 103, 104, 105, 106, 107, 108, 109, 110, 111, 112, 113, 114, 115, 116, 117, 118, 119, 120, 121, 122, 123, 124, 125, 126, 127, 128, 129, 130, 131, 132, 133, 134, 135, 136, 137, 138, 139, 140, 141, 142, 143, 144, 145, 146, 147, 148, 149, 150, 151, 152, 153, 154, 155, 156, 157, 158, 159, 160, 161, 162, 163, 164, 165, 166, 167, 168, 169, 170, 171, 172, 173, 174, 175, 176, 177, 178, 179, 180, 181, 182, 183, 184, 185, 186, 187, 188, 189, 190, 191, 192, 193, 194, 195, 196, 197, 252, 253, 254, 255]
11101110	[28, 29, 30, 31, 32, 33, 34, 35, 36, 37, 38, 39, 40, 41, 42, 43, 44, 45, 46, 47, 48, 49, 50, 51, 52, 53, 54, 55, 56, 57, 58, 198, 199, 200, 201, 202, 203, 204, 205, 206, 207, 208, 209, 210, 211, 212, 213, 214, 215, 216, 217, 218, 219, 220, 221, 222, 223, 224, 225, 226, 227, 228, 229, 230, 231, 232, 233, 234, 235, 236, 237, 238, 239, 240, 241, 242, 243, 244, 245, 246, 247, 248, 249, 250, 251]

10101010	120	True
11101110	113	False

Number of codes used=2


End of hp run 3.  Result of run:
[(-0.0928968086813373, 70000), ('21-05-14_06:59:42BST_NLearn_model_3_Alice_iter70000', '21-05-14_06:59:42BST_NLearn_model_3_Bob_iter70000')]
(-0.0928968086813373, 70000)


>>>> hp_run=4 of 6, time elapsed 6:23:43 of estimated 12:47:25, 
implying ending at 19:47:08BST on Friday 14 May 2021
hyperparameters = {
	'N_ITERATIONS': 70000,
	'RANDOM_SEEDS': (714844, 936892, 888616, 165835),
	'ALICE_NET': 'MaxNet("In", 3, 50, beta=1.0, relu=False)',
	'BOB_NET': 'FFs(3, 50)',
	'BATCHSIZE': 32,
	'GAMESIZE': 32,
	'BUFFER_CAPACITY': 640000,
	'START_TRAINING': 20000,
	'N_SELECT': 256,
	'EPSILON_ONE_END': 2000,
	'EPSILON_MIN': 0.0,
	'EPSILON_MIN_POINT': 20000,
	'ALICE_PLAY': 'QPerCode',
	'ALICE_TRAIN': 'QPerCode',
	'BOB_PLAY': 'CircularVocab',
	'BOB_TRAIN': 'CircularVocab',
	'ALICE_OPTIMIZER': 'SGD(lr=0.01)',
	'BOB_OPTIMIZER': 'SGD(lr=0.01)',
	'ALICE_LOSS_FUNCTION': 'Huber(beta=0.1)',
	'BOB_LOSS_FUNCTION': 'Huber(beta=0.1)',
	'ALICE_PROXIMITY_BONUS': 100000000,
	'ALICE_PROXIMITY_SLOPE_LENGTH': 10000,
	'ALICE_LAST_TRAINING': 10000000,
	'NOISE_START': 30000,
	'NOISE': 0.1,
	'ALICE_DOUBLE': None,
	'N_CODE': 8,
	'N_NUMBERS': 256
}

tuple_specs.random_reward_sd()=0.7071067811865476

Iteration=     20000 training nets give:
alice_loss.item()=0.6178516149520874	bob_loss.item()=0.6501947641372681

01001100	[0, 1, 2, 3, 4, 5, 6, 7, 8, 9, 10, 11, 12, 13, 14, 15, 16, 17, 18, 19, 20, 21, 22, 23, 24, 25, 26, 27, 28, 29, 30, 31, 32, 33, 34, 35, 36, 37, 38, 39, 40, 41, 42, 43, 44, 45, 46, 47, 48, 49, 50, 51, 52, 53, 54, 55, 56, 57, 58, 59, 60, 61, 62, 63, 64, 65, 66, 67, 68, 69, 70, 71, 72, 73, 74, 75, 76, 77, 78, 79, 80, 81, 82, 83, 84, 85, 86, 87, 88, 89, 90, 91, 92, 93, 94, 95, 96, 97, 98, 99, 100, 101, 102, 103, 104, 105, 106, 107, 108, 109, 110, 111, 112, 113, 114, 115, 116, 117, 118, 119, 120, 121, 122, 123, 124, 125, 126, 127, 128, 129, 130, 131, 132, 133, 134, 135, 136, 137, 138, 139, 140, 141, 142, 143, 144, 145, 146, 147, 148, 149, 150, 151, 152, 153, 154, 155, 156, 157, 158, 159, 160, 161, 162, 163, 164, 165, 166, 167, 168, 169, 170, 171, 172, 173, 174, 175, 176, 177, 178, 179, 180, 181, 182, 183, 184, 185, 186, 187, 188, 189, 190, 191, 192, 193, 194, 195, 196, 197, 198, 199, 200, 201, 202, 203, 204, 205, 206, 207, 208, 209, 210, 211, 212, 213, 214, 215, 216, 217, 218, 219, 220, 221, 222, 223, 224, 225, 226, 227, 228, 229, 230, 231, 232, 233, 234, 235, 236, 237, 238, 239, 240, 241, 242, 243, 244, 245, 246, 247, 248, 249, 250, 251, 252, 253, 254, 255]

01001100	92	True

Number of codes used=1

Iteration=     30000 training nets give:
alice_loss.item()=0.6072369813919067	bob_loss.item()=0.597913920879364

11100001	[0, 1, 2, 3, 4, 5, 6, 7, 8, 9, 10, 11, 12, 13, 14, 15, 16, 17, 18, 19, 20, 21, 22, 23, 24, 25, 26, 27, 28, 29, 30, 31, 32, 33, 34, 35, 36, 37, 38, 39, 40, 41, 42, 43, 44, 45, 46, 47, 48, 49, 50, 51, 52, 53, 54, 55, 56, 57, 58, 59, 60, 61, 62, 63, 64, 65, 66, 67, 68, 69, 70, 71, 72, 73, 74, 75, 76, 77, 78, 79, 80, 81, 82, 83, 84, 85, 86, 87, 88, 89, 90, 91, 92, 93, 94, 95, 96, 97, 98, 99, 100, 101, 102, 103, 104, 105, 106, 107, 108, 109, 110, 111, 112, 113, 114, 115, 116, 117, 118, 119, 120, 121, 122, 123, 124, 125, 126, 127, 128, 129, 130, 131, 132, 133, 134, 135, 136, 137, 138, 139, 140, 141, 142, 143, 144, 145, 146, 147, 148, 149, 150, 151, 152, 153, 154, 155, 156, 157, 158, 159, 160, 161, 162, 163, 164, 165, 166, 167, 168, 169, 170, 171, 172, 173, 174, 175, 176, 177, 178, 179, 180, 181, 182, 183, 184, 185, 186, 187, 188, 189, 190, 191, 192, 193, 194, 195, 196, 197, 198, 199, 200, 201, 202, 203, 204, 205, 206, 207, 208, 209, 210, 211, 212, 213, 214, 215, 216, 217, 218, 219, 220, 221, 222, 223, 224, 225, 226, 227, 228, 229, 230, 231, 232, 233, 234, 235, 236, 237, 238, 239, 240, 241, 242, 243, 244, 245, 246, 247, 248, 249, 250, 251, 252, 253, 254, 255]

11100001	210	True

Number of codes used=1

Iteration=     40000 training nets give:
alice_loss.item()=0.49929118156433105	bob_loss.item()=0.5036935210227966

11100001	[0, 1, 2, 3, 4, 5, 6, 7, 8, 9, 10, 11, 12, 13, 14, 15, 16, 17, 18, 19, 20, 21, 22, 23, 105, 106, 107, 108, 109, 110, 111, 112, 113, 114, 115, 116, 117, 118, 119, 120, 121, 122, 123, 124, 125, 126, 127, 128, 129, 130, 131, 132, 133, 134, 135, 136, 137, 138, 139, 140, 141, 142, 143, 144, 145, 146, 147, 148, 149, 150, 151, 152, 153, 154, 155, 156, 157, 158, 159, 160, 161, 162, 163, 164, 165, 166, 167, 168, 169, 170, 171, 172, 173, 174, 175, 176, 177, 178, 179, 180, 181, 182, 183, 184, 185, 186, 187, 188, 189, 190, 191, 192, 193, 194, 195, 196, 197, 198, 199, 200, 201, 202, 203, 204, 205, 206, 207, 208, 209, 210, 211, 212, 213, 214, 215, 216, 217, 218, 219, 220, 221, 222, 223, 224, 225, 226, 227, 228, 229, 230, 231, 232, 233, 234, 235, 236, 237, 238, 239, 240, 241, 242, 243, 244, 245, 246, 247, 248, 249, 250, 251, 252, 253, 254, 255]
01101011	[24, 25, 26, 27, 28, 29, 30, 31, 32, 33, 34, 35, 36, 37, 38, 39, 40, 41, 42, 43, 44, 45, 46, 47, 48, 49, 50, 51, 52, 53, 54, 55, 56, 57, 58, 59, 60, 61, 62, 63, 64, 65, 66, 67, 68, 69, 70, 71, 72, 73, 74, 75, 76, 77, 78, 79, 80, 81, 82, 83, 84, 85, 86, 87, 88, 89, 90, 91, 92, 93, 94, 95, 96, 97, 98, 99, 100, 101, 102, 103, 104]

11100001	180	True
01101011	98	True

Number of codes used=2

Iteration=     50000 training nets give:
alice_loss.item()=0.4779074788093567	bob_loss.item()=0.49187952280044556

11100000	[0, 1, 2, 3, 4, 5, 6, 7, 8, 9, 10, 11, 12, 13, 14, 15, 16, 17, 18, 19, 20, 21, 22, 23, 24, 25, 26, 27, 28, 100, 101, 102, 103, 104, 105, 106, 107, 108, 109, 110, 111, 112, 113, 114, 115, 116, 117, 118, 119, 120, 121, 122, 123, 124, 125, 126, 127, 128, 129, 130, 131, 132, 133, 134, 135, 136, 137, 138, 139, 140, 141, 142, 143, 144, 145, 146, 147, 148, 149, 150, 151, 152, 153, 154, 155, 156, 157, 158, 159, 160, 161, 162, 163, 164, 165, 166, 167, 168, 169, 170, 171, 172, 173, 174, 175, 176, 177, 178, 179, 180, 181, 182, 183, 184, 185, 186, 187, 188, 189, 190, 191, 192, 193, 194, 195, 196, 197, 198, 199, 200, 201, 202, 203, 204, 205, 206, 207, 208, 209, 210, 211, 212, 213, 214, 215, 216, 217, 218, 219, 220, 221, 222, 223, 224, 225, 226, 227, 228, 229, 230, 231, 232, 233, 234, 235, 236, 237, 238, 239, 240, 241, 242, 243, 244, 245, 246, 247, 248, 249, 250, 251, 252, 253, 254, 255]
01101011	[29, 30, 31, 32, 33, 34, 35, 36, 37, 38, 39, 40, 41, 42, 43, 44, 45, 46, 47, 48, 49, 50, 51, 52, 53, 54, 55, 56, 57, 58, 59, 60, 61, 62, 63, 64, 65, 66, 67, 68, 69, 70, 71, 72, 73, 74, 75, 76, 77, 78, 79, 80, 81, 82, 83, 84, 85, 86, 87, 88, 89, 90, 91, 92, 93, 94, 95, 96, 97, 98, 99]

11100000	184	True
01101011	98	True

Number of codes used=2

Iteration=     60000 training nets give:
alice_loss.item()=0.46083539724349976	bob_loss.item()=0.46423977613449097

11000001	[0, 1, 2, 3, 4, 5, 6, 7, 8, 9, 10, 11, 12, 13, 14, 15, 16, 17, 18, 19, 20, 21, 22, 23, 24, 25, 26, 27, 28, 29, 30, 31, 32, 33, 34, 94, 95, 96, 97, 98, 99, 100, 101, 102, 103, 104, 105, 106, 107, 108, 109, 110, 111, 112, 113, 114, 115, 116, 117, 118, 119, 120, 121, 122, 123, 124, 125, 126, 127, 128, 129, 130, 131, 132, 133, 134, 135, 136, 137, 138, 139, 140, 141, 142, 143, 144, 145, 146, 147, 148, 149, 150, 151, 152, 153, 154, 155, 156, 157, 158, 159, 160, 161, 162, 163, 164, 165, 166, 167, 168, 169, 170, 171, 172, 173, 174, 175, 176, 177, 178, 179, 180, 181, 182, 183, 184, 185, 186, 187, 188, 189, 190, 191, 192, 193, 194, 195, 196, 197, 198, 199, 200, 201, 202, 203, 204, 205, 206, 207, 208, 209, 210, 211, 212, 213, 214, 215, 216, 217, 218, 219, 220, 221, 222, 223, 224, 225, 226, 227, 228, 229, 230, 231, 232, 233, 234, 235, 236, 237, 238, 239, 240, 241, 242, 243, 244, 245, 246, 247, 248, 249, 250, 251, 252, 253, 254, 255]
01101011	[35, 36, 37, 38, 39, 40, 41, 42, 43, 44, 45, 46, 47, 48, 49, 50, 51, 52, 53, 54, 55, 56, 57, 58, 59, 60, 61, 62, 63, 64, 65, 66, 67, 68, 69, 70, 71, 72, 73, 74, 75, 76, 77, 78, 79, 80, 81, 82, 83, 84, 85, 86, 87, 88, 89, 90, 91, 92, 93]

11000001	176	True
01101011	98	False

Number of codes used=2

Iteration=     70000 training nets give:
alice_loss.item()=0.4434433579444885	bob_loss.item()=0.43538910150527954

11100000	[0, 1, 2, 3, 4, 5, 6, 7, 8, 9, 10, 11, 12, 13, 14, 15, 16, 17, 18, 19, 20, 21, 22, 23, 24, 25, 26, 27, 28, 29, 30, 31, 97, 98, 99, 100, 101, 102, 103, 104, 105, 106, 107, 108, 109, 110, 111, 112, 113, 114, 115, 116, 117, 118, 119, 120, 121, 122, 123, 124, 125, 126, 127, 128, 129, 130, 131, 132, 133, 134, 135, 136, 137, 138, 139, 140, 141, 142, 143, 144, 145, 146, 147, 148, 149, 150, 151, 152, 153, 154, 155, 156, 157, 158, 159, 160, 161, 162, 163, 164, 165, 166, 167, 168, 169, 170, 171, 172, 173, 174, 175, 176, 177, 178, 179, 180, 181, 182, 183, 184, 185, 186, 187, 188, 189, 190, 191, 192, 193, 194, 195, 196, 197, 198, 199, 200, 201, 202, 203, 204, 205, 206, 207, 208, 209, 210, 211, 212, 213, 214, 215, 216, 217, 218, 219, 220, 221, 222, 223, 224, 225, 226, 227, 228, 229, 230, 231, 232, 233, 234, 235, 236, 237, 238, 239, 240, 241, 242, 243, 244, 245, 246, 247, 248, 249, 250, 251, 252, 253, 254, 255]
01101011	[32, 33, 34, 35, 36, 37, 38, 39, 40, 41, 42, 43, 44, 45, 46, 47, 48, 49, 50, 51, 52, 53, 54, 55, 56, 57, 58, 59, 60, 61, 62, 63, 64, 65, 66, 67, 68, 69, 70, 71, 72, 73, 74, 75, 76, 77, 78, 79, 80, 81, 82, 83, 84, 85, 86, 87, 88, 89, 90, 91, 92, 93, 94, 95, 96]

11100000	180	True
01101011	96	True

Number of codes used=2


End of hp run 4.  Result of run:
[(-0.34654277984311405, 60000), ('21-05-14_06:59:42BST_NLearn_model_4_Alice_iter70000', '21-05-14_06:59:42BST_NLearn_model_4_Bob_iter70000')]
(-0.34654277984311405, 60000)


>>>> hp_run=5 of 6, time elapsed 8:44:33 of estimated 13:06:49, 
implying ending at 20:06:31BST on Friday 14 May 2021
hyperparameters = {
	'N_ITERATIONS': 70000,
	'RANDOM_SEEDS': (714844, 936892, 888616, 165835),
	'ALICE_NET': 'MaxNet("In", 3, 50, beta=0.6, relu=True)',
	'BOB_NET': 'FFs(3, 50)',
	'BATCHSIZE': 32,
	'GAMESIZE': 32,
	'BUFFER_CAPACITY': 640000,
	'START_TRAINING': 20000,
	'N_SELECT': 256,
	'EPSILON_ONE_END': 2000,
	'EPSILON_MIN': 0.0,
	'EPSILON_MIN_POINT': 20000,
	'ALICE_PLAY': 'QPerCode',
	'ALICE_TRAIN': 'QPerCode',
	'BOB_PLAY': 'CircularVocab',
	'BOB_TRAIN': 'CircularVocab',
	'ALICE_OPTIMIZER': 'SGD(lr=0.01)',
	'BOB_OPTIMIZER': 'SGD(lr=0.01)',
	'ALICE_LOSS_FUNCTION': 'Huber(beta=0.1)',
	'BOB_LOSS_FUNCTION': 'Huber(beta=0.1)',
	'ALICE_PROXIMITY_BONUS': 100000000,
	'ALICE_PROXIMITY_SLOPE_LENGTH': 10000,
	'ALICE_LAST_TRAINING': 10000000,
	'NOISE_START': 30000,
	'NOISE': 0.1,
	'ALICE_DOUBLE': None,
	'N_CODE': 8,
	'N_NUMBERS': 256
}

tuple_specs.random_reward_sd()=0.7071067811865476

Iteration=     20000 training nets give:
alice_loss.item()=0.9270420074462891	bob_loss.item()=0.6184573173522949

10010011	[0, 1, 2, 3, 4, 5, 6, 7, 8, 9, 10, 11, 12, 13, 14, 15, 16, 17, 18, 19, 20, 21, 22, 23, 24, 25, 26, 27, 28, 29, 30, 31, 32, 33, 34, 35, 36, 37, 38, 39, 40, 41, 42, 43, 44, 45, 46, 47, 48, 49, 50, 51, 52, 53, 54, 55, 56, 57, 58, 59, 60, 61, 62, 63, 64, 65, 66, 67, 68, 69, 70, 71, 72, 73, 74, 75, 76, 77, 78, 79, 80, 81, 82, 83, 84, 85, 86, 87, 88, 89, 90, 91, 92, 93, 94, 95, 96, 97, 98, 99, 100, 106, 107, 108, 109, 110, 111, 112, 113, 114, 115, 116, 117, 118, 119, 120, 121, 122, 123, 124, 125, 126, 127, 128, 129, 130, 131, 138, 139, 140, 141, 142, 143, 144, 145, 146, 147, 148, 149, 150, 151, 152, 153, 154, 155, 156, 157, 158, 159, 160, 161, 162, 163, 164, 165, 166, 167, 168, 169, 170, 171, 172, 173, 174, 175, 176, 177, 178, 179, 180, 181, 182, 183, 184, 185, 186, 187, 188, 189, 190, 191, 192, 193, 194, 195, 196, 197, 198, 199, 200, 201, 202, 203, 204, 205, 206, 207, 208, 209, 210, 211, 212, 213, 214, 215, 216, 217, 218, 219, 220, 221, 222, 223, 224, 225, 226, 227, 228, 229, 230, 231, 232, 233, 234, 235, 236, 237, 242, 243, 244, 245, 246, 247, 248, 249, 250, 251, 252, 253, 254, 255]
10101100	[101, 102, 103, 104, 105, 132, 133, 134, 135, 136, 137, 238, 239, 240, 241]

10010011	80	True
10101100	83	False

Number of codes used=2

Iteration=     30000 training nets give:
alice_loss.item()=0.3570001721382141	bob_loss.item()=0.4861281216144562

11101011	[0, 1, 2, 3, 4, 5, 6, 7, 31, 35, 36, 37, 38, 39, 40, 41, 42, 43, 44, 45, 46, 47, 48, 51, 182, 185, 186, 187, 188, 189, 190, 191, 192, 193, 194, 195, 196, 197, 198, 199, 200, 201, 202, 203, 204, 205, 206, 207, 208, 209, 210, 211, 212, 213, 214, 215, 216, 217, 218, 219, 220, 221, 223, 235, 236, 238, 239, 240, 241, 242, 243, 244, 245, 246, 247, 248, 249, 250, 251, 252, 253, 254, 255]
01111111	[8, 9, 10, 11, 12, 13, 14, 15, 16, 17, 18, 19, 20, 21, 22, 23, 24, 25, 26, 27, 28, 29, 30, 32, 33, 34]
01001000	[49, 50, 52, 53, 54, 55, 56, 57, 58, 59, 60, 61, 62, 63, 64, 65, 66, 67, 68, 69, 70, 71, 72, 73, 74, 75, 76, 77, 78, 79, 80, 81, 82, 83, 84, 85, 86, 87, 88, 89, 90, 91, 92, 93, 94, 95, 96, 97, 98, 99, 100, 101, 102, 103, 104, 105, 106, 107]
10100001	[108, 109, 110, 111, 112, 113, 114, 115, 116, 117, 118, 119, 120, 121, 122, 123, 124, 125, 126, 127, 128, 129, 130, 131, 132, 133, 134, 135, 136, 137, 138, 139, 140, 141, 142, 143, 144, 145, 146, 147, 148, 149, 150, 151, 152, 153, 154, 155, 156, 157, 158, 159, 160, 161, 162, 163, 164, 165, 166, 167, 168, 169, 170, 171, 172, 173, 174, 175, 176, 177, 178, 179, 180, 181, 183, 184]
11110100	[222, 224, 225, 226, 227, 228, 229, 230, 231, 232, 233, 234, 237]

11101011	231	False
01111111	252	False
01001000	67	True
10100001	146	True
11110100	231	True

Number of codes used=5

Iteration=     40000 training nets give:
alice_loss.item()=0.23286044597625732	bob_loss.item()=0.2768736481666565

01011110	[0, 1, 2, 3, 4, 5, 6, 7, 8, 23, 24, 25, 26, 27, 197, 198, 199, 200, 201, 202, 203, 204, 205, 206, 207, 208, 209, 210, 211, 212, 213, 214, 215, 216, 217, 218, 219, 220, 221, 222, 223, 224, 225, 226, 227, 228, 229, 230, 231, 232, 233, 234, 235, 236, 237, 238, 239, 240, 241, 242, 243, 244, 245, 246, 247, 248, 249, 250, 251, 252, 253, 254, 255]
00011110	[9, 10, 11, 12, 13, 14, 15, 16, 17, 18, 19]
00001000	[20, 21, 22, 28, 29, 30, 31, 32, 33, 34, 35, 36, 37, 38, 39, 40, 41, 42, 43, 44, 45, 46, 47, 48, 49, 50, 51, 52, 53, 54, 55, 56, 57, 58, 59, 60, 61, 62, 63, 64, 65, 66, 67, 68, 69, 70, 71, 72, 73, 74, 75, 76, 77, 78, 79, 80, 81, 82, 83, 84, 85, 86, 87, 88, 89, 90, 91, 92, 93, 94, 95, 96, 97, 98, 99]
10000011	[100, 101, 102, 103, 104, 105, 106, 107, 108, 109, 110, 111, 112, 113, 114, 115, 116, 117, 118, 119, 120, 121, 122, 123, 124, 125, 126, 127, 176, 177, 178, 179, 180, 181, 182, 183, 184, 185, 186, 187, 188, 189, 190]
10000001	[128, 129, 130, 131, 132, 133, 134, 135, 136, 137, 138, 139, 140, 141, 142, 143, 144, 145, 146, 147, 148, 149, 150, 151, 152, 153, 154, 155, 156, 157, 158, 159, 160, 161, 162, 163, 164, 165, 166, 167, 168, 169, 170, 171, 172, 173, 174, 175]
00100000	[191, 192, 193, 194, 195, 196]

01011110	236	True
00011110	224	False
00001000	93	True
10000011	153	False
10000001	150	True
00100000	145	False

Number of codes used=6

Iteration=     50000 training nets give:
alice_loss.item()=0.16443966329097748	bob_loss.item()=0.23469671607017517

11111110	[0, 1, 2, 3, 4, 5, 6, 7, 8, 9, 10, 11, 12, 13, 14, 15, 16, 17, 18, 19, 250, 251, 252, 253, 254, 255]
11011100	[20, 21, 22, 23, 24, 25]
11001001	[26, 27, 28, 29, 30, 31, 32, 33, 34, 35, 36, 37, 38, 39, 40, 41, 68, 69, 80, 81, 82, 83, 84, 86, 87, 88, 89, 90, 91, 92, 93, 94, 95, 96, 97]
01101100	[42, 43, 44, 45, 46, 47, 48, 49, 50, 51, 52, 53, 54, 55, 56, 57, 58, 59, 60, 61, 62, 63, 64, 65, 66, 67, 70, 71, 72, 73, 74, 75, 76, 77, 78, 79, 85]
00110000	[98, 99, 100, 101, 102, 103, 104, 105, 106, 107, 108, 109, 110, 111, 112, 113, 114, 115, 116, 117, 118, 119, 120, 121, 122, 123, 124, 125, 126, 127, 128, 129, 130, 131, 132, 133, 134, 135, 136, 137, 138, 139, 140, 141, 142, 143, 144, 145, 146, 147, 148, 149, 150, 151, 152, 153, 154, 155, 156, 157, 158, 159, 160, 161, 162, 163, 164, 165, 166, 167, 168, 169, 170, 171, 172, 173, 174, 175, 176, 177, 178, 179, 180, 181, 182, 183, 184, 185, 186, 187]
00011110	[188, 189, 190, 191, 192, 193, 194, 195, 196, 197, 198, 199, 200, 201, 202, 203, 204, 205, 206, 207, 208, 209, 210, 211, 212, 213, 214, 215, 216, 217, 218, 219, 220, 221, 222, 223, 224, 225, 226, 227, 228, 229, 230, 231, 232, 233, 234, 235, 236, 237, 238, 239, 240, 241, 242, 243, 244, 245, 246, 247, 248, 249]

11111110	232	False
11011100	14	False
11001001	55	False
01101100	75	True
00110000	150	True
00011110	235	True

Number of codes used=6

Iteration=     60000 training nets give:
alice_loss.item()=0.16346874833106995	bob_loss.item()=0.2328752875328064

11010110	[0, 1, 2, 3, 235, 236, 237, 238, 239, 240, 241, 242, 243, 244, 245, 246, 247, 248, 249, 250, 251, 252, 253, 254, 255]
11001011	[4, 5, 6, 7, 8, 9, 10, 11, 12, 13, 14, 15, 16, 17, 18, 22, 23, 24, 25, 26, 27, 28, 29, 30, 31, 32, 33, 34, 35, 36, 37, 38, 39, 40, 41, 42, 43, 44, 45]
11011010	[19, 20, 21]
01001001	[46, 47, 48, 49, 50, 51, 52, 53, 54, 55, 56, 57, 58, 59, 60, 61, 62, 63, 64, 83, 84, 86]
11001010	[65, 66, 67, 68, 69, 70, 71, 72, 73, 74, 75, 76, 77, 78, 79, 80, 81, 82, 85, 87, 88, 89, 90, 91, 92, 93, 94, 95, 96, 97, 98, 99, 100, 101, 102, 103, 104, 105, 106, 107]
00110001	[108, 109, 110, 111, 112, 113, 114, 115, 116, 117, 118, 119]
00010101	[120, 121, 122, 123, 124, 125, 126, 127, 128, 129, 130, 131, 132, 133, 134, 135, 136, 137, 138, 139, 140, 141, 142, 143, 144, 145, 146, 147, 148, 149, 150, 151, 152, 153, 154, 155, 156, 157, 158, 159, 160, 161, 162, 163, 164, 165, 166, 167, 168, 169, 170, 171, 172, 173, 174, 175, 176, 177, 178, 179, 180, 181, 182, 183, 184, 185, 186, 187, 188, 189, 190, 191, 192, 193, 194, 195, 196, 197]
11111111	[198, 199, 200, 201, 202, 203, 204, 205, 206, 207, 208, 209, 210, 211, 212, 213, 214, 215, 216, 217, 218, 219, 220, 221, 222, 223, 224, 225, 226, 227, 228, 229, 230, 231, 232, 233, 234]

11010110	237	True
11001011	253	False
11011010	17	False
01001001	49	True
11001010	41	False
00110001	145	False
00010101	142	True
11111111	233	True

Number of codes used=8

Iteration=     70000 training nets give:
alice_loss.item()=0.042952630668878555	bob_loss.item()=0.10375469923019409

01100100	[0]
01110110	[1, 2, 3, 5, 6, 7, 8]
11011110	[4, 9]
01110100	[10, 11, 12, 13, 14, 15, 16, 17, 18, 19, 20, 21, 22, 23, 24, 25, 29, 30]
01011010	[26, 27, 28]
11001100	[31, 32, 33, 34, 35, 36, 37, 38, 39, 40, 44, 45, 58, 59, 60, 61, 62, 63, 64, 65, 66, 67, 68, 69, 70, 71, 72, 73, 74, 75, 76, 77, 78, 79, 80, 81, 82, 83, 254, 255]
01001100	[41, 42, 43]
01101000	[46, 47, 48, 49, 50, 51, 52, 53, 54, 55, 56, 57, 84, 85, 86, 87]
01000001	[88, 89, 90, 91, 92, 93, 94, 95, 96, 97, 98, 99, 100, 101, 102, 103, 104, 105]
00011000	[106, 107]
00011001	[108, 109, 110, 112]
00111000	[111, 113]
11101001	[114, 115, 116, 117, 118, 119]
01100001	[120, 121, 122, 123]
00100110	[124, 125, 126, 127, 128, 129, 130, 131, 132, 133, 134, 135, 136, 137, 138, 139, 140, 177, 178, 179, 180, 181, 182, 183, 184, 185, 186, 187, 188, 189, 190, 191]
00100100	[141, 142, 143, 144, 145, 146, 147, 148, 149, 150, 151, 152, 153, 154, 155, 156, 157, 158, 159, 167, 168, 169, 170, 171, 172, 173, 174, 175, 176]
10110000	[160, 161, 162, 163, 164, 165, 166]
00111111	[192, 193, 194, 195, 196, 197, 198, 199, 200, 201, 202, 203, 204, 213, 221, 222, 228, 229, 230, 231, 232, 235]
00111110	[205, 206, 207, 208, 209, 210, 211, 212, 214, 215, 216, 217, 218, 219, 220, 223, 224, 225, 226, 227]
11011100	[233, 234, 236, 237, 238]
11111111	[239, 240, 241, 242, 243, 244, 245, 246, 247, 248, 249, 250, 251, 252, 253]

01100100	205	False
01110110	218	False
11011110	1	False
01110100	239	False
01011010	27	True
11001100	55	False
01001100	68	False
01101000	92	False
01000001	57	False
00011000	79	False
00011001	106	False
00111000	106	False
11101001	87	False
01100001	81	False
00100110	171	False
00100100	158	True
10110000	151	False
00111111	219	False
00111110	210	True
11011100	15	False
11111111	231	False

Number of codes used=21


End of hp run 5.  Result of run:
[(-0.8384835229528055, 70000), ('21-05-14_06:59:42BST_NLearn_model_5_Alice_iter70000', '21-05-14_06:59:42BST_NLearn_model_5_Bob_iter70000')]
(-0.8384835229528055, 70000)


>>>> hp_run=6 of 6, time elapsed 10:48:46 of estimated 12:58:31, 
implying ending at 19:58:14BST on Friday 14 May 2021
hyperparameters = {
	'N_ITERATIONS': 70000,
	'RANDOM_SEEDS': (714844, 936892, 888616, 165835),
	'ALICE_NET': 'MaxNet("In", 3, 50, beta=0.6, relu=False)',
	'BOB_NET': 'FFs(3, 50)',
	'BATCHSIZE': 32,
	'GAMESIZE': 32,
	'BUFFER_CAPACITY': 640000,
	'START_TRAINING': 20000,
	'N_SELECT': 256,
	'EPSILON_ONE_END': 2000,
	'EPSILON_MIN': 0.0,
	'EPSILON_MIN_POINT': 20000,
	'ALICE_PLAY': 'QPerCode',
	'ALICE_TRAIN': 'QPerCode',
	'BOB_PLAY': 'CircularVocab',
	'BOB_TRAIN': 'CircularVocab',
	'ALICE_OPTIMIZER': 'SGD(lr=0.01)',
	'BOB_OPTIMIZER': 'SGD(lr=0.01)',
	'ALICE_LOSS_FUNCTION': 'Huber(beta=0.1)',
	'BOB_LOSS_FUNCTION': 'Huber(beta=0.1)',
	'ALICE_PROXIMITY_BONUS': 100000000,
	'ALICE_PROXIMITY_SLOPE_LENGTH': 10000,
	'ALICE_LAST_TRAINING': 10000000,
	'NOISE_START': 30000,
	'NOISE': 0.1,
	'ALICE_DOUBLE': None,
	'N_CODE': 8,
	'N_NUMBERS': 256
}

tuple_specs.random_reward_sd()=0.7071067811865476

Iteration=     20000 training nets give:
alice_loss.item()=0.7085164189338684	bob_loss.item()=0.6762555837631226

01011001	[0, 1, 2, 3, 4, 5, 6, 7, 8, 9, 10, 11, 12, 13, 14, 15, 16, 17, 18, 19, 20, 21, 22, 23, 24, 25, 26, 27, 28, 29, 30, 31, 32, 33, 34, 35, 36, 37, 38, 39, 40, 41, 42, 43, 44, 45, 46, 47, 48, 49, 50, 197, 198, 199, 200, 201, 202, 203, 204, 205, 206, 207, 208, 209, 210, 211, 212, 213, 214, 215, 216, 217, 218, 219, 220, 221, 222, 223, 224, 225, 226, 227, 228, 229, 230, 231, 232, 233, 234, 235, 236, 237, 238, 239, 240, 241, 242, 243, 244, 245, 246, 247, 248, 249, 250, 251, 252, 253, 254, 255]
01100011	[51, 52, 53, 54, 55, 56, 57, 58, 59, 60, 61, 62, 63, 64, 65, 66, 67, 68, 69, 70, 71, 72, 73, 74, 75, 76, 77, 78, 79, 80, 81, 82, 83, 84, 85, 86, 87, 88, 89, 90, 91, 92, 93, 94, 95, 96, 97, 98, 99, 100, 101, 102, 103, 104, 105, 106, 107, 108, 109, 110, 111, 112, 113, 114, 115, 116, 117, 118, 119, 120, 121, 122, 123, 124, 125, 126, 127, 128, 129, 130, 131, 132, 133, 134, 135, 136, 137, 138, 139, 140, 141, 142, 143, 144, 145, 146, 147, 148, 149, 150]
01001000	[151, 152, 153, 154, 155, 156, 157, 158, 159, 160, 161, 162, 163]
00110101	[164, 165, 166, 167, 168, 169, 170, 171, 172, 173, 174, 175, 176, 177, 178, 179, 180, 181, 182, 183, 184, 185, 186, 187, 188, 189, 190, 191, 192, 193, 194, 195, 196]

01011001	248	True
01100011	255	False
01001000	84	False
00110101	162	False

Number of codes used=4

Iteration=     30000 training nets give:
alice_loss.item()=0.13203144073486328	bob_loss.item()=0.3438606560230255

01011001	[0, 1, 2, 3, 4, 5, 6, 7, 8, 9, 10, 11, 12, 13, 14, 15, 16, 17, 18, 19, 20, 21, 22, 23, 24, 25, 26, 27, 28, 29, 30, 31, 32, 33, 34, 35, 36, 37, 38, 39, 40, 41, 42, 209, 210, 211, 212, 213, 214, 215, 216, 217, 218, 219, 220, 221, 222, 223, 224, 225, 226, 227, 228, 229, 230, 231, 232, 233, 234, 235, 236, 237, 238, 239, 240, 241, 242, 243, 244, 245, 246, 247, 248, 249, 250, 251, 252, 253, 254, 255]
11001000	[43, 44, 45, 46, 47, 48, 49, 50, 51, 52, 53, 54, 55, 56, 57, 58, 59]
01010010	[60, 61, 62, 63, 64, 65, 66, 67, 68, 69, 70, 71, 72, 73, 74, 75, 76, 77, 78, 79, 80, 81, 82, 83, 84, 85, 86, 87, 88, 89, 90, 91, 92, 93, 94, 95, 96, 97, 98, 99, 100, 101, 102, 103, 104, 105, 106, 107, 108, 109, 110, 111, 112, 113, 114, 115, 116, 117, 118, 119, 120, 121, 122, 123, 124, 125, 126, 127, 128, 129, 130, 131, 132, 133, 134, 135, 136, 137, 138, 139, 140, 141, 142, 143, 144, 145, 146, 147, 148, 149, 150, 151, 152, 153]
00110101	[154, 155, 156, 157, 158, 159, 160, 161, 162, 163, 164, 165, 166, 167, 168, 169, 170, 171, 172, 173, 174, 175, 176, 177, 178, 179, 180, 181, 182, 183, 184, 185, 186, 187, 188, 189, 190, 191, 192, 193, 194, 195, 196, 197, 198, 199, 200, 201, 202, 203, 204, 205, 206, 207, 208]

01011001	5	True
11001000	118	False
01010010	113	True
00110101	166	True

Number of codes used=4

Iteration=     40000 training nets give:
alice_loss.item()=0.1251910775899887	bob_loss.item()=0.1967463493347168

01011001	[0, 1, 2, 3, 4, 5, 6, 7, 8, 9, 10, 11, 12, 13, 14, 15, 16, 17, 18, 19, 20, 21, 22, 23, 24, 25, 26, 27, 28, 29, 30, 31, 32, 33, 34, 223, 224, 225, 226, 227, 228, 229, 230, 231, 232, 233, 234, 235, 236, 237, 238, 239, 240, 241, 242, 243, 244, 245, 246, 247, 248, 249, 250, 251, 252, 253, 254, 255]
11011001	[35, 36, 37, 38, 39, 40, 41, 42, 43, 44, 45, 46, 47, 48, 49, 50, 51, 52, 53, 54, 55, 56, 57, 58, 59, 60, 61, 62, 63, 64, 65, 66, 67, 68, 69, 70, 71, 72, 73, 74, 75, 76]
01011010	[77, 78, 79, 80, 81, 82]
01010010	[83, 84, 85, 86, 87, 88, 89, 90, 91, 92, 93, 94, 95, 96, 97, 98, 99, 100, 101, 102, 103, 104, 105, 106, 107, 108, 109, 110, 111, 112, 113, 114, 115, 116, 117, 118, 119, 120, 121, 122, 123, 124, 125, 126, 127, 128, 129, 130, 131, 132, 133, 134, 135, 136, 137, 138, 139, 140, 141, 142, 143, 144]
00110101	[145, 146, 147, 148, 149, 150, 151, 152, 153, 154, 155, 156, 157, 158, 159, 160, 161, 162, 163, 164, 165, 166, 167, 168, 169, 170, 171, 172, 173, 174, 175, 176, 177, 178, 179, 180, 181, 182, 183, 184, 185, 186, 187, 188, 189, 190, 191, 192, 193, 194, 195, 196, 197, 198, 199, 200, 201]
00100101	[202, 203, 204, 205, 206, 207, 208, 209, 210, 211, 212, 213, 214, 215, 216, 217, 218]
01111001	[219, 220, 221, 222]

01011001	14	True
11011001	13	False
01011010	102	False
01010010	121	True
00110101	162	True
00100101	159	False
01111001	7	False

Number of codes used=7

Iteration=     50000 training nets give:
alice_loss.item()=0.19158586859703064	bob_loss.item()=0.23602351546287537

01011001	[0, 1, 2, 3, 4, 5, 6, 7, 8, 9, 10, 11, 12, 13, 14, 15, 16, 17, 18, 19, 20, 21, 22, 23, 24, 25, 26, 27, 28, 29, 30, 31, 32, 33, 34, 35, 36, 37, 38, 39, 40, 249, 250, 251, 252, 253, 254, 255]
11011001	[41, 42, 43, 44, 45, 46, 47, 48, 49, 50, 51, 52, 53, 54]
10110101	[55, 56, 57, 58, 59, 60, 187, 188, 189, 190, 191, 192, 193, 194, 195, 196, 197, 198, 199, 200, 201, 202, 203, 204, 205, 206, 207, 208, 209, 210, 211, 212]
01011010	[61, 62, 63, 64, 65, 66, 67, 68, 69, 70, 71, 72, 73, 74, 75, 76, 77, 78, 79, 80, 81, 82, 83, 84, 85, 86, 87, 88, 89, 90, 91, 92, 93, 94, 95, 96, 97, 98, 99, 100, 101, 102, 103, 104, 105, 106, 107, 108, 109, 110, 111, 112, 113, 114, 115, 116, 117, 118, 119, 120, 121, 122, 123, 124, 125, 126, 127, 128, 129, 130]
11010010	[131, 132, 133, 134, 135, 136, 137, 138, 139, 140, 141, 142, 143, 144, 145, 146, 147, 148, 149, 150, 151, 152, 153]
00110101	[154, 155, 156, 157, 158, 159, 160, 161, 162, 163, 164, 165, 166, 167, 168, 169, 170, 171, 172, 173, 174, 175, 176, 177]
00110111	[178, 179, 180, 181, 182, 183, 184, 185, 186]
01011000	[213, 214, 215, 216, 217, 218, 219, 220, 221, 222, 223, 224, 225, 226, 227, 228, 229, 230, 231, 232, 233, 234, 235, 236, 237, 238, 239, 240, 241, 242, 243, 244, 245, 246, 247, 248]

01011001	5	True
11011001	2	False
10110101	206	True
01011010	79	True
11010010	103	False
00110101	158	True
00110111	177	False
01011000	235	True

Number of codes used=8

Iteration=     60000 training nets give:
alice_loss.item()=0.13933223485946655	bob_loss.item()=0.14648857712745667

11011001	[0, 1, 2, 3, 4, 5, 6, 7, 8, 9, 10, 11, 12, 13, 14, 15, 16, 17, 18, 19, 20, 21, 22, 23, 24, 25, 26, 27, 28, 29, 30, 31, 32, 33, 34, 35, 36, 37, 38, 39, 40, 41, 210, 211, 212, 213, 214, 215, 216, 217, 218, 219, 220, 221, 222, 223, 224, 225, 226, 227, 228, 229, 230, 231, 232, 233, 234, 235, 236, 237, 238, 239, 240, 241, 242, 243, 244, 245, 246, 247, 248, 249, 250, 251, 252, 253, 254, 255]
01011010	[42, 43, 44, 45, 46, 47, 48, 49, 50, 51, 52, 53, 54, 55, 56, 57, 58, 59, 60, 61, 62, 63, 64, 65, 66, 67, 68, 69, 70, 71, 72, 73, 74, 75, 76, 77, 78, 79, 80, 81, 82, 83, 84, 85, 86, 87, 88, 89, 90, 91, 92, 93, 94]
11011010	[95, 96, 97, 98, 99, 100, 101, 102, 103, 104, 105, 106, 107, 108, 109, 110, 111, 112]
01010010	[113, 114, 115, 116, 117, 118, 119, 120, 121, 122, 123, 124, 125, 126, 127, 128, 129, 130, 131, 132, 133, 134, 135, 136]
11000010	[137, 138, 139, 140, 141, 142]
01110101	[143, 144, 145, 146, 147, 148, 149, 150, 151, 152, 153, 154, 155, 156, 157, 158, 159, 160, 161, 162, 163, 164, 165, 166, 167, 168, 169, 170, 171, 172, 173, 174, 175, 176, 177, 178, 179, 180, 181, 182, 183, 184, 185, 186, 187, 188, 189, 190, 191, 192, 193, 194, 195, 196, 197]
10110101	[198, 199, 200, 201]
10110111	[202, 203, 204, 205, 206, 207, 208, 209]

11011001	18	True
01011010	80	True
11011010	67	False
01010010	126	True
11000010	116	False
01110101	165	True
10110101	198	True
10110111	207	True

Number of codes used=8

Iteration=     70000 training nets give:
alice_loss.item()=0.0244884192943573	bob_loss.item()=0.03990344703197479

01111001	[0, 1, 2, 3, 4, 5, 6, 7, 8, 9, 10, 11, 12, 13, 14, 15, 16, 17, 18, 19, 20, 21, 22, 23, 24, 25, 26, 27, 28, 29, 30, 31, 32, 33, 34, 35, 36, 37, 38, 39, 40, 41, 42, 43, 226, 227, 228, 229, 230, 231, 232, 233, 234, 235, 236, 237, 238, 239, 240, 241, 242, 243, 244, 245, 246, 247, 248, 249, 250, 251, 252, 253, 254, 255]
11011010	[44, 45, 46, 47, 48, 49]
01011010	[50, 51, 52, 53, 54, 55, 56, 57, 58, 59, 60, 61, 62, 63, 64, 65, 66, 67, 68, 69, 70, 71, 72, 73, 74, 75, 76, 77, 78, 79, 80, 81, 82, 83, 84, 85, 86, 87, 88, 89, 90, 91, 92]
01110010	[93, 94, 95, 96, 97, 98, 99, 100, 101, 102, 103, 104, 105, 106, 107]
00010010	[108, 109, 110]
01010000	[111, 112, 113, 114, 115, 116, 117, 118, 119]
01010010	[120, 121, 122, 123, 124, 125, 126, 127, 128, 129, 130, 131, 132, 133]
00000010	[134, 135, 136, 137, 138, 139, 140, 141, 142, 143, 144, 145, 146, 147]
00110101	[148, 149, 150, 151, 152, 153, 154, 155, 156, 157, 158, 159, 160, 161, 162, 163, 164, 165]
00110111	[166, 167, 168, 169, 170, 171, 172, 173, 174, 175, 176, 177, 178, 179, 180]
10110101	[181, 182, 183, 184, 185, 186, 187, 188, 189, 190, 191, 192, 193, 194, 195, 196, 197, 198, 199, 200, 201, 202, 203, 204, 205, 206, 207, 208, 209, 210, 211, 212, 213, 214, 215, 216, 217, 218, 219, 220, 221, 222, 223, 224, 225]

01111001	15	True
11011010	54	False
01011010	77	True
01110010	106	True
00010010	128	False
01010000	127	False
01010010	123	True
00000010	136	True
00110101	155	True
00110111	178	True
10110101	200	True

Number of codes used=11


End of hp run 6.  Result of run:
[(-0.9080970588997114, 70000), ('21-05-14_06:59:42BST_NLearn_model_6_Alice_iter70000', '21-05-14_06:59:42BST_NLearn_model_6_Bob_iter70000')]
(-0.9080970588997114, 70000)



Time taken over all 6 given sets of hyperparameters=12:50:49, averaging 2:08:28 per run


 ---- Table of results ----

 code  hp_run  result
   00       1  (-0.834, 70000)
   01       2  (-0.881, 70000)
   02       3  (-0.093, 70000)
   03       4  (-0.347, 60000)
   04       5  (-0.838, 70000)
   05       6  (-0.908, 70000)
 --------------------------

++++ Best result was (-0.908, 70000) on hp_run=6 with
hyperparameters = {
	'N_ITERATIONS': 70000,
	'RANDOM_SEEDS': (714844, 936892, 888616, 165835),
	'ALICE_NET': 'MaxNet("In", 3, 50, beta=0.6, relu=False)',
	'BOB_NET': 'FFs(3, 50)',
	'BATCHSIZE': 32,
	'GAMESIZE': 32,
	'BUFFER_CAPACITY': 640000,
	'START_TRAINING': 20000,
	'N_SELECT': 256,
	'EPSILON_ONE_END': 2000,
	'EPSILON_MIN': 0.0,
	'EPSILON_MIN_POINT': 20000,
	'ALICE_PLAY': 'QPerCode',
	'ALICE_TRAIN': 'QPerCode',
	'BOB_PLAY': 'CircularVocab',
	'BOB_TRAIN': 'CircularVocab',
	'ALICE_OPTIMIZER': 'SGD(lr=0.01)',
	'BOB_OPTIMIZER': 'SGD(lr=0.01)',
	'ALICE_LOSS_FUNCTION': 'Huber(beta=0.1)',
	'BOB_LOSS_FUNCTION': 'Huber(beta=0.1)',
	'ALICE_PROXIMITY_BONUS': 100000000,
	'ALICE_PROXIMITY_SLOPE_LENGTH': 10000,
	'ALICE_LAST_TRAINING': 10000000,
	'NOISE_START': 30000,
	'NOISE': 0.1,
	'ALICE_DOUBLE': None,
	'N_CODE': 8,
	'N_NUMBERS': 256
	'n_rng': Generator(PCG64)
	'ne_rng': Generator(PCG64)
	't_rng': <torch._C.Generator object at 0x7fde21333dd0>
	'te_rng': <torch._C.Generator object at 0x7fde21333cd0>
}


End closed log for run 21-05-14_06:59:42BST
