The closed log for run 21-05-15_14:20:40BST

SMOOTHING_LENGTH = 10000
SAVE_PERIOD = 100000
CODE_BOOK_PERIOD = 10000
DEVICE = torch.device("cuda" if torch.cuda.is_available() else "cpu")  # Used: "cuda"
MODEL_FOLDER = 'models'
CONFIGS_FOLDER = 'configs'
LOGS_FOLDER = 'logs'

hyperparameters = {
	'N_ITERATIONS': 70000,
	'RANDOM_SEEDS': [(714844, 936892, 888616, 165835)],
	'ALICE_NET': 'MaxNet("In", 3, 50)',
	'BOB_NET': 'FFs(3, 50)',
	'BATCHSIZE': 32,
	'GAMESIZE': 32,
	'BUFFER_CAPACITY': 640000,
	'START_TRAINING': 20000,
	'N_SELECT': 256,
	'EPSILON_ONE_END': 2000,
	'EPSILON_MIN': 0.0,
	'EPSILON_MIN_POINT': 20000,
	'ALICE_PLAY': 'QPerCode',
	'ALICE_TRAIN': 'QPerCode',
	'BOB_PLAY': 'CircularVocab',
	'BOB_TRAIN': 'CircularVocab',
	'ALICE_OPTIMIZER': 'SGD(lr=0.01)',
	'BOB_OPTIMIZER': 'SGD(lr=0.01)',
	'ALICE_LOSS_FUNCTION': 'Huber(beta=0.1)',
	'BOB_LOSS_FUNCTION': 'Huber(beta=0.1)',
	'ALICE_PROXIMITY_BONUS': 100000000,
	'ALICE_PROXIMITY_SLOPE_LENGTH': 10000,
	'ALICE_LAST_TRAINING': 10000000,
	'NOISE_START': 30000,
	'NOISE': 0.1,
	'ALICE_DOUBLE': None,
	'N_CODE': 2,
	'N_NUMBERS': 256
}



>>>> hp_run=1 of 1
hyperparameters = {
	'N_ITERATIONS': 70000,
	'RANDOM_SEEDS': (714844, 936892, 888616, 165835),
	'ALICE_NET': 'MaxNet("In", 3, 50)',
	'BOB_NET': 'FFs(3, 50)',
	'BATCHSIZE': 32,
	'GAMESIZE': 32,
	'BUFFER_CAPACITY': 640000,
	'START_TRAINING': 20000,
	'N_SELECT': 256,
	'EPSILON_ONE_END': 2000,
	'EPSILON_MIN': 0.0,
	'EPSILON_MIN_POINT': 20000,
	'ALICE_PLAY': 'QPerCode',
	'ALICE_TRAIN': 'QPerCode',
	'BOB_PLAY': 'CircularVocab',
	'BOB_TRAIN': 'CircularVocab',
	'ALICE_OPTIMIZER': 'SGD(lr=0.01)',
	'BOB_OPTIMIZER': 'SGD(lr=0.01)',
	'ALICE_LOSS_FUNCTION': 'Huber(beta=0.1)',
	'BOB_LOSS_FUNCTION': 'Huber(beta=0.1)',
	'ALICE_PROXIMITY_BONUS': 100000000,
	'ALICE_PROXIMITY_SLOPE_LENGTH': 10000,
	'ALICE_LAST_TRAINING': 10000000,
	'NOISE_START': 30000,
	'NOISE': 0.1,
	'ALICE_DOUBLE': None,
	'N_CODE': 2,
	'N_NUMBERS': 256
}

tuple_specs.random_reward_sd()=0.7071067811865476

Iteration=     20000 training nets give:
alice_loss.item()=0.5559737682342529	bob_loss.item()=0.5589131712913513

01	[0, 1, 2, 3, 4, 5, 6, 7, 8, 9, 10, 11, 12, 13, 14, 15, 16, 17, 18, 19, 20, 21, 22, 23, 24, 25, 26, 27, 28, 29, 30, 31, 32, 33, 34, 35, 36, 37, 38, 39, 40, 41, 42, 43, 44, 45, 46, 47, 48, 49, 50, 51, 52, 53, 54, 55, 56, 57, 58, 59, 60, 61, 62, 63, 64, 65, 66, 67, 68, 69, 70, 71, 72, 73, 74, 75, 76, 77, 78, 79, 80, 81, 82, 212, 213, 214, 215, 216, 217, 218, 219, 220, 221, 222, 223, 224, 225, 226, 227, 228, 229, 230, 231, 232, 233, 234, 235, 236, 237, 238, 239, 240, 241, 242, 243, 244, 245, 246, 247, 248, 249, 250, 251, 252, 253, 254, 255]
10	[83, 84, 85, 86, 87, 88, 89, 90, 91, 92, 93, 94, 95, 96, 97, 98, 99, 100, 101, 102, 103, 104, 105, 106, 107, 108, 109, 110, 111, 112, 113, 114, 115, 116, 117, 118, 119, 120, 121, 122, 123, 124, 125, 126, 127, 128, 129, 130, 131, 132, 133, 134, 135, 136, 137, 138, 139, 140, 141, 142, 143, 144, 145, 146, 147, 148, 149, 150, 151, 152, 153, 154, 155, 156, 157, 158, 159, 160, 161, 162, 163, 164, 165, 166, 167, 168, 169, 170, 171, 172, 173, 174, 175, 176, 177, 178, 179, 180, 181, 182, 183, 184, 185, 186, 187, 188, 189, 190, 191, 192, 193, 194, 195, 196, 197, 198, 199, 200, 201, 202, 203, 204, 205, 206, 207, 208, 209, 210, 211]

01	238	True
10	225	False

Number of codes used=2

Iteration=     30000 training nets give:
alice_loss.item()=0.13086910545825958	bob_loss.item()=0.306062251329422

01	[0, 1, 2, 220, 221, 222, 223, 224, 225, 226, 227, 228, 229, 230, 231, 232, 233, 234, 235, 236, 237, 238, 239, 240, 241, 242, 243, 244, 245, 246, 247, 248, 249, 250, 251, 252, 253, 254, 255]
11	[3, 4, 5, 6, 7, 8, 9, 10, 11, 12, 13, 14, 15, 16, 17, 18, 19, 20, 21, 22, 23, 24, 25, 26, 27, 28, 29, 30, 31, 32, 33, 34, 35, 36, 37, 38, 39, 40, 41, 42, 43, 44, 45, 46, 47, 48, 49, 50, 51, 52, 53, 54, 55, 56, 57, 58, 59, 60, 61, 62, 63, 64, 65, 66, 67, 68, 69, 70, 71, 72, 73, 74, 75, 76, 77, 78, 79, 80, 81]
00	[82, 83, 84, 85, 86, 87, 88, 89, 90, 91, 92, 93, 94, 95, 96, 97, 98, 99, 100, 101, 102, 103, 104, 105, 106, 107, 108, 109, 110, 111, 112, 113, 114, 115, 116, 117, 118, 119, 120, 121, 122, 123, 124, 125, 126, 127, 128, 129, 130, 131, 132, 133, 134, 135, 136, 137, 138, 139, 140, 141, 142, 143, 144, 145, 146, 147, 148, 149, 150, 151, 152, 153, 154, 155, 156, 157, 158, 159, 160, 161, 162, 163, 164, 165, 166, 167, 168, 169, 170, 171, 172, 173, 174, 175, 176, 177, 178, 179, 180, 181, 182, 183, 184]
10	[185, 186, 187, 188, 189, 190, 191, 192, 193, 194, 195, 196, 197, 198, 199, 200, 201, 202, 203, 204, 205, 206, 207, 208, 209, 210, 211, 212, 213, 214, 215, 216, 217, 218, 219]

01	8	False
11	32	True
00	135	True
10	173	False

Number of codes used=4

Iteration=     40000 training nets give:
alice_loss.item()=0.05054934322834015	bob_loss.item()=0.2709316611289978

01	[0, 1, 2, 3, 4, 5, 6, 7, 8, 9, 10, 11, 12, 13, 14, 214, 215, 216, 217, 218, 219, 220, 221, 222, 223, 224, 225, 226, 227, 228, 229, 230, 231, 232, 233, 234, 235, 236, 237, 238, 239, 240, 241, 242, 243, 244, 245, 246, 247, 248, 249, 250, 251, 252, 253, 254, 255]
11	[15, 16, 17, 18, 19, 20, 21, 22, 23, 24, 25, 26, 27, 28, 29, 30, 31, 32, 33, 34, 35, 36, 37, 38, 39, 40, 41, 42, 43, 44, 45, 46, 47, 48, 49, 50, 51, 52, 53, 54, 55, 56, 57, 58, 59, 60, 61, 62, 63, 64, 65, 66, 67, 68, 69, 70, 71, 72, 73, 74, 75, 76, 77, 78, 79, 80, 81, 82, 83]
00	[84, 85, 86, 87, 88, 89, 90, 91, 92, 93, 94, 95, 96, 97, 98, 99, 100, 101, 102, 103, 104, 105, 106, 107, 108, 109, 110, 111, 112, 113, 114, 115, 116, 117, 118, 119, 120, 121, 122, 123, 124, 125, 126, 127, 128, 129, 130, 131, 132, 133, 134, 135, 136, 137, 138, 139, 140, 141, 142, 143, 144, 145, 146, 147, 148, 149, 150, 151, 152, 153, 154, 155, 156]
10	[157, 158, 159, 160, 161, 162, 163, 164, 165, 166, 167, 168, 169, 170, 171, 172, 173, 174, 175, 176, 177, 178, 179, 180, 181, 182, 183, 184, 185, 186, 187, 188, 189, 190, 191, 192, 193, 194, 195, 196, 197, 198, 199, 200, 201, 202, 203, 204, 205, 206, 207, 208, 209, 210, 211, 212, 213]

01	0	True
11	30	True
00	142	True
10	177	True

Number of codes used=4

Iteration=     50000 training nets give:
alice_loss.item()=0.004460363648831844	bob_loss.item()=0.3865368068218231

01	[0, 1, 2, 3, 4, 5, 6, 7, 8, 9, 10, 11, 12, 13, 14, 15, 217, 218, 219, 220, 221, 222, 223, 224, 225, 226, 227, 228, 229, 230, 231, 232, 233, 234, 235, 236, 237, 238, 239, 240, 241, 242, 243, 244, 245, 246, 247, 248, 249, 250, 251, 252, 253, 254, 255]
11	[16, 17, 18, 19, 20, 21, 22, 23, 24, 25, 26, 27, 28, 29, 30, 31, 32, 33, 34, 35, 36, 37, 38, 39, 40, 41, 42, 43, 44, 45, 46, 47, 48, 49, 50, 51, 52, 53, 54, 55, 56, 57, 58, 59, 60, 61, 62, 63, 64, 65, 66, 67, 68, 69, 70, 71, 72, 73, 74, 75, 76, 77, 78, 79, 80, 81, 82, 83, 84, 85]
00	[86, 87, 88, 89, 90, 91, 92, 93, 94, 95, 96, 97, 98, 99, 100, 101, 102, 103, 104, 105, 106, 107, 108, 109, 110, 111, 112, 113, 114, 115, 116, 117, 118, 119, 120, 121, 122, 123, 124, 125, 126, 127, 128, 129, 130, 131, 132, 133, 134, 135, 136, 137, 138, 139, 140, 141, 142, 143, 144, 145, 146, 147, 148, 149, 150, 151, 152, 153, 154, 155, 156, 157, 158]
10	[159, 160, 161, 162, 163, 164, 165, 166, 167, 168, 169, 170, 171, 172, 173, 174, 175, 176, 177, 178, 179, 180, 181, 182, 183, 184, 185, 186, 187, 188, 189, 190, 191, 192, 193, 194, 195, 196, 197, 198, 199, 200, 201, 202, 203, 204, 205, 206, 207, 208, 209, 210, 211, 212, 213, 214, 215, 216]

01	252	True
11	30	True
00	141	True
10	182	True

Number of codes used=4

Iteration=     60000 training nets give:
alice_loss.item()=0.004432563669979572	bob_loss.item()=0.14994274079799652

01	[0, 1, 2, 3, 4, 5, 6, 7, 8, 9, 10, 11, 12, 13, 14, 218, 219, 220, 221, 222, 223, 224, 225, 226, 227, 228, 229, 230, 231, 232, 233, 234, 235, 236, 237, 238, 239, 240, 241, 242, 243, 244, 245, 246, 247, 248, 249, 250, 251, 252, 253, 254, 255]
11	[15, 16, 17, 18, 19, 20, 21, 22, 23, 24, 25, 26, 27, 28, 29, 30, 31, 32, 33, 34, 35, 36, 37, 38, 39, 40, 41, 42, 43, 44, 45, 46, 47, 48, 49, 50, 51, 52, 53, 54, 55, 56, 57, 58, 59, 60, 61, 62, 63, 64, 65, 66, 67, 68, 69, 70, 71, 72, 73, 74, 75, 76, 77, 78, 79, 80, 81, 82, 83, 84]
00	[85, 86, 87, 88, 89, 90, 91, 92, 93, 94, 95, 96, 97, 98, 99, 100, 101, 102, 103, 104, 105, 106, 107, 108, 109, 110, 111, 112, 113, 114, 115, 116, 117, 118, 119, 120, 121, 122, 123, 124, 125, 126, 127, 128, 129, 130, 131, 132, 133, 134, 135, 136, 137, 138, 139, 140, 141, 142, 143, 144, 145, 146, 147, 148, 149, 150, 151, 152, 153, 154, 155, 156, 157, 158, 159, 160, 161]
10	[162, 163, 164, 165, 166, 167, 168, 169, 170, 171, 172, 173, 174, 175, 176, 177, 178, 179, 180, 181, 182, 183, 184, 185, 186, 187, 188, 189, 190, 191, 192, 193, 194, 195, 196, 197, 198, 199, 200, 201, 202, 203, 204, 205, 206, 207, 208, 209, 210, 211, 212, 213, 214, 215, 216, 217]

01	251	True
11	25	True
00	141	True
10	184	True

Number of codes used=4

Iteration=     70000 training nets give:
alice_loss.item()=0.0009809902403503656	bob_loss.item()=0.12573939561843872

01	[0, 1, 2, 3, 4, 5, 6, 7, 8, 9, 10, 218, 219, 220, 221, 222, 223, 224, 225, 226, 227, 228, 229, 230, 231, 232, 233, 234, 235, 236, 237, 238, 239, 240, 241, 242, 243, 244, 245, 246, 247, 248, 249, 250, 251, 252, 253, 254, 255]
11	[11, 12, 13, 14, 15, 16, 17, 18, 19, 20, 21, 22, 23, 24, 25, 26, 27, 28, 29, 30, 31, 32, 33, 34, 35, 36, 37, 38, 39, 40, 41, 42, 43, 44, 45, 46, 47, 48, 49, 50, 51, 52, 53, 54, 55, 56, 57, 58, 59, 60, 61, 62, 63, 64, 65, 66, 67, 68, 69, 70, 71, 72, 73, 74, 75, 76, 77, 78, 79, 80, 81, 82, 83]
00	[84, 85, 86, 87, 88, 89, 90, 91, 92, 93, 94, 95, 96, 97, 98, 99, 100, 101, 102, 103, 104, 105, 106, 107, 108, 109, 110, 111, 112, 113, 114, 115, 116, 117, 118, 119, 120, 121, 122, 123, 124, 125, 126, 127, 128, 129, 130, 131, 132, 133, 134, 135, 136, 137, 138, 139, 140, 141, 142, 143, 144, 145, 146, 147, 148, 149, 150, 151, 152, 153, 154, 155, 156, 157, 158, 159, 160, 161, 162]
10	[163, 164, 165, 166, 167, 168, 169, 170, 171, 172, 173, 174, 175, 176, 177, 178, 179, 180, 181, 182, 183, 184, 185, 186, 187, 188, 189, 190, 191, 192, 193, 194, 195, 196, 197, 198, 199, 200, 201, 202, 203, 204, 205, 206, 207, 208, 209, 210, 211, 212, 213, 214, 215, 216, 217]

01	251	True
11	31	True
00	140	True
10	184	True

Number of codes used=4


End of hp run 1.  Result of run:
[(-0.8312187329024573, 70000), ('21-05-15_14:20:40BST_NLearn_model_1_Alice_iter70000', '21-05-15_14:20:40BST_NLearn_model_1_Bob_iter70000')]
(-0.8312187329024573, 70000)



Time taken over all 1 given sets of hyperparameters=2:05:49, averaging 2:05:49 per run


 ---- Table of results ----

 code  hp_run  result
    0       1  (-0.831, 70000)
 --------------------------

++++ Best result was (-0.831, 70000) on hp_run=1 with
hyperparameters = {
	'N_ITERATIONS': 70000,
	'RANDOM_SEEDS': (714844, 936892, 888616, 165835),
	'ALICE_NET': 'MaxNet("In", 3, 50)',
	'BOB_NET': 'FFs(3, 50)',
	'BATCHSIZE': 32,
	'GAMESIZE': 32,
	'BUFFER_CAPACITY': 640000,
	'START_TRAINING': 20000,
	'N_SELECT': 256,
	'EPSILON_ONE_END': 2000,
	'EPSILON_MIN': 0.0,
	'EPSILON_MIN_POINT': 20000,
	'ALICE_PLAY': 'QPerCode',
	'ALICE_TRAIN': 'QPerCode',
	'BOB_PLAY': 'CircularVocab',
	'BOB_TRAIN': 'CircularVocab',
	'ALICE_OPTIMIZER': 'SGD(lr=0.01)',
	'BOB_OPTIMIZER': 'SGD(lr=0.01)',
	'ALICE_LOSS_FUNCTION': 'Huber(beta=0.1)',
	'BOB_LOSS_FUNCTION': 'Huber(beta=0.1)',
	'ALICE_PROXIMITY_BONUS': 100000000,
	'ALICE_PROXIMITY_SLOPE_LENGTH': 10000,
	'ALICE_LAST_TRAINING': 10000000,
	'NOISE_START': 30000,
	'NOISE': 0.1,
	'ALICE_DOUBLE': None,
	'N_CODE': 2,
	'N_NUMBERS': 256
	'n_rng': Generator(PCG64)
	'ne_rng': Generator(PCG64)
	't_rng': <torch._C.Generator object at 0x7f72482c1cf0>
	'te_rng': <torch._C.Generator object at 0x7f72482c1970>
}


End closed log for run 21-05-15_14:20:40BST
