****WARNING NOT CLOSED - MAY BE DUE TO ERROR***
RANDOM_SEED = 42
TUPLE_SPEC = ((16,),)
N_CODE = 8
DEVICE = torch.device("cuda" if torch.cuda.is_available() else "cpu")  # Used: "cuda"
MODEL_FOLDER = 'models'
CONFIGS_FOLDER = 'configs'
LOGS_FOLDER = 'logs'

hyperparameters = {
	'N_ITERATIONS': 500000,
	'RANDOM_SEED': 42,
	'TORCH_RANDOM_SEED': 4242,
	'ALICE_LAYERS': 3,
	'ALICE_WIDTH': 50,
	'BOB_LAYERS': 3,
	'BOB_WIDTH': 50,
	'BATCHSIZE': 32,
	'GAMESIZE': 32,
	'BUFFER_CAPACITY': 640000,
	'START_TRAINING': 20000,
	'N_SELECT': 5,
	'EPSILON_ONE_END': 40000,
	'EPSILON_MIN': 0.01,
	'EPSILON_MIN_POINT': 200000,
	'ALICE_STRATEGY': 'from_decisions',
	'BOB_STRATEGY': 'circular_vocab',
	'ALICE_OPTIMIZER': [('SGD', '{"lr": 0.1}'), ('SGD', '{"lr": 0.01}')],
	'BOB_OPTIMIZER': 'Same',
	'ALICE_LOSS_FUNCTION': ('MSE', {}),
	'BOB_LOSS_FUNCTION': 'Same'
}



>>>> hp_run=1 of 2
hyperparameters = {
	'N_ITERATIONS': 500000,
	'RANDOM_SEED': 42,
	'TORCH_RANDOM_SEED': 4242,
	'ALICE_LAYERS': 3,
	'ALICE_WIDTH': 50,
	'BOB_LAYERS': 3,
	'BOB_WIDTH': 50,
	'BATCHSIZE': 32,
	'GAMESIZE': 32,
	'BUFFER_CAPACITY': 640000,
	'START_TRAINING': 20000,
	'N_SELECT': 5,
	'EPSILON_ONE_END': 40000,
	'EPSILON_MIN': 0.01,
	'EPSILON_MIN_POINT': 200000,
	'ALICE_STRATEGY': 'from_decisions',
	'BOB_STRATEGY': 'circular_vocab',
	'ALICE_OPTIMIZER': ('SGD', '{"lr": 0.1}'),
	'BOB_OPTIMIZER': 'Same',
	'ALICE_LOSS_FUNCTION': ('MSE', {}),
	'BOB_LOSS_FUNCTION': 'Same'
}

tuple_specs.random_reward_sd()=0.8705242673240076

Codes=
11001111
01011111
10110111
10010010
10111100
11101101
11110010
01111000
11101110
11000001
11000111
01101111
11011011
11001100
10000011
01100010
00110111
01111101
11110001
01110001
11001000
00101111
11000011
10010001
10110010
11101001
01100011
11100010
01000001
10011001
11101101
00010101

Codes=
01010100
10001110
00000110
10111110
00111000
01011000
00010001
11001110
10000100
11001010
00010100
11110010
10111110
00100010
01000001
10010101
11101111
00111010
11010001
00001101
01110111
10001010
00110110
11011001
11101001
11100110
10000111
01101111
00010111
10101111
01000100
10110101

Codes=
11001111
10010111
01101000
01110101
11010011
11111100
01110011
11000000
11110010
00000100
11101111
01001101
00110001
00101110
10111101
10010001
10111011
11011111
01001011
11100011
10000101
01101000
10100010
11000010
11100111
11000011
11111101
01011100
11010100
10100001
01010110
00101100

Codes=
01001110
01001011
01111100
11010100
01111111
11000101
01000000
01110101
00001001
00111111
00100001
00101110
10010100
00000001
10010000
01010000
01110010
01101000
01010111
01010000
00111111
01011110
00000000
10000100
01011000
01110000
10110110
11100101
01100000
00010111
00001100
10110010

Codes=
00010010
11110000
10001101
10000111
11111100
01100000
11110111
11101001
10101011
11000110
01000011
01110100
10000000
11000000
01001111
01010101
00001101
11010000
11110101
01011100
11111001
00111000
00010001
01100110
01000000
11110101
01000101
01110110
01110100
01110100
01100010
11110101

Codes=
10000110
11111100
10110100
00110110
01111101
10001010
11001111
10011001
11100111
11001101
00001101
10010011
00000000
00111110
01110100
11110101
11000101
01001010
10010011
11001101
10100111
01110011
01110110
01111101
01111001
01110100
11000100
01110100
00100100
10010000
10011000
11100100

Codes=
01001100
01001101
10111010
00111011
01011010
00011010
11110111
00010011
01000101
11011100
00110001
00000010
00100100
00010110
01110100
10001001
01010010
11000111
00111111
11101001
00001111
10101111
10101000
11110001
01110100
00111000
10010001
01110100
01101101
11000110
10010011
10100111

Codes=
00000100
10011111
11110110
01110100
11000111
11011111
01100111
01110100
00001110
10011011
00110000
11000000
00010001
10001011
01110110
01110110
00000110
00101001
01000110
01001110
10110001
01111110
01010010
01010101
11101000
01110100
00000111
00010100
11100110
00000000
01010110
00110001

Codes=
00100110
11101011
01110100
00100011
11111011
01110100
01110100
01011110
01110110
10100111
01101101
01101110
01000100
01110100
10101000
00111011
00101110
00011010
10000011
10011000
01110100
01110100
01111110
10111001
01110100
11110001
01110110
01110110
11011001
01111101
11101000
00110110

Codes=
01000100
01110100
10111100
10011001
10011000
00000100
00000000
11001100
01110110
10101011
01110011
00011000
11011001
11101111
10110101
01011011
00110110
01110100
01110100
11000101
00110011
11101101
00010110
10111000
00000111
01110100
11101111
01110100
11111111
00010000
01110110
01110100

Codes=
01110010
10001100
01110100
01110100
00110110
01110110
01110100
11101000
10101010
00110110
01110100
11001101
00001011
10101111
00001011
01110100
01110100
00100101
00111000
10010111
11001011
11010010
00110100
00110110
11010001
01110100
11011000
01110100
10001010
01101110
01110100
11000110

Codes=
01011000
11011101
01011110
01111000
00110110
01110100
10001111
00110110
11001110
01001000
10010010
10100101
01110110
00011001
01110100
01110110
01001000
00011011
01110100
00000110
00110110
01110100
01110100
01110100
00110110
01110100
01110110
01110100
10101101
01110100
00011101
00110110

Codes=
01110100
00111110
00000001
10100001
00011011
01110100
01110100
10010110
10000100
01110100
00110110
00110110
00110110
11011100
10010001
01111111
01000100
01110100
01110110
01110100
00010110
11000100
00110110
01110110
11110111
10100100
11111100
01110100
00110110
00111101
01110100
10010110

Codes=
00110110
01110100
01110100
01110100
01001000
01011111
01110110
10110111
00110110
01110100
01110100
11010011
11100101
01110110
00000100
10111111
00110110
01110110
10000110
01110100
00110110
01110100
00110110
00110110
00110110
01110100
01110100
01110100
10010001
01110100
00111101
10110100

Codes=
01110100
10001110
01110100
01110100
01110100
00110110
01110100
01110110
01110110
00110110
01010010
00001101
01110100
11101011
00010000
01110100
00001010
11101100
01110100
01001000
00001011
10110010
01110100
01100100
01110100
01110110
01110100
01110100
10101101
01101111
01110100
01110100

Codes=
01110100
01110100
01110100
01110100
01110100
01110100
01110100
01110100
01110100
00110110
01110001
10001101
00110110
01110100
10011110
01110100
10001011
01110100
00110110
01111111
10101011
00111101
00110110
00000100
01110100
01110100
00110110
00110110
00110110
01110100
01110100
11010101

Codes=
00011111
01110100
00110110
01110100
01110100
11110100
01110100
00110110
01110110
01110100
01110100
01110100
01110100
01110100
01110100
01110100
00110110
01110110
01110100
01110100
01110100
01110110
01110100
01110100
01110100
01110100
00110110
00110110
01110100
01110100
01110100
01110001

Codes=
01110100
01110110
01110100
01110100
01110100
01110110
00110110
01110100
01110100
00110110
01110100
10101001
00110110
00110110
01110100
01110100
01110100
01110100
10011001
01110100
01110100
01110000
00110110
01110110
01110100
00001101
01110110
01110100
01110100
01110100
10111110
00110110

Codes=
01110100
01110110
01110100
01110100
00110110
00110110
00110110
00110110
11101011
00111111
00110110
00110110
01110100
01011001
01110100
01110100
01110100
00110110
00110110
01110110
00110110
01110100
01110100
00110110
00110110
01110110
00110110
00110110
01110100
00110110
01110100
10101000

Codes=
00110110
01110100
01110110
01110100
01110100
00110110
01110100
01110110
00110110
01110110
00110110
01110100
00110110
01110100
00110110
00110110
01110100
01110100
00110110
01110110
01110100
01110100
00110110
01110100
01110100
01110100
01110110
01110100
11100001
01110100
01110100
00110110

Codes=
01110100
00110110
01110100
00110110
00110110
01110100
00110110
00110110
01110100
01110100
01110100
01110100
01110100
00110110
01110100
01110100
01110100
01110100
00110110
01110100
00110110
00110110
01110100
00110110
00110110
00110110
00110110
01110100
00110110
01110100
01110100
01110100

Codes=
01110100
01110100
00110110
01110100
00110110
01110100
01110100
01110100
01110100
01110100
01110100
00110110
01110100
01110100
01110100
01110100
00110110
01110100
01110100
01110100
01110100
01110100
01110100
01110100
01110100
01110100
00110110
01110100
00110110
01110100
00110110
01110100

Codes=
00110110
01110100
01110100
01110100
00110110
01110100
01110100
01110100
00110110
01110100
01110100
01110100
01110100
00110110
01110100
01110100
01110100
00110110
01110100
01110100
00110110
01110100
01110110
00110110
01110100
01110100
01110110
01110110
01110100
01110100
01110100
01110100

Codes=
01110100
01110100
00110110
00110110
00110110
01110100
01110100
01110100
01110100
01110110
00110110
01110100
01110100
01110110
01110100
01110100
00110110
00110110
00110110
01110100
01110100
01110100
00110110
00110110
01110100
01110110
01110100
01110100
01110100
01110100
01110100
01110100

Codes=
01110100
01110110
01110100
01110100
01110110
01110100
01110100
01110110
01110100
00110110
01110100
01110110
00110110
01110100
01110100
01110100
01110110
01110100
01110110
01110100
01110110
00110110
01110100
00110110
01110110
00110110
01110100
00110110
01110100
01110110
01110100
01110100

Codes=
01110100
01110100
01110110
00110110
01110100
00110110
01110110
00110110
00110110
01110100
01110100
01110110
01110110
01110100
00110110
00110110
01110110
01110100
01110100
11011010
01110100
01110100
01110110
01110100
00110110
01110100
01110100
01110100
00110110
01110100
00110110
00110110

Codes=
01110100
00110110
01110110
01110100
00110110
01110100
01110110
01110100
01110100
01110110
00110110
01110100
01110100
01110100
01110110
00110110
00110110
01110100
01110100
01110110
01110100
01110100
01110110
01110100
01110100
01110100
00110110
00110110
01110110
01110100
00110110
01110100

Codes=
00110110
00110110
01110100
00110110
01110100
01110100
01110100
01110100
00110110
01110100
00110110
00110110
00110110
01110110
01110100
00110110
01110100
01110100
01110100
01110100
01110100
01110100
01110100
01110100
01110100
01110110
01110100
00110110
01110100
00110110
01110100
01110100

Codes=
01110100
00110110
01110100
01110110
01110100
01110100
01110100
00110110
01110100
01110100
00110110
01110100
01110100
01110100
01110100
01110100
01110110
01110100
00110110
01110110
01110100
01110100
01110100
01110100
01110110
01110110
01100100
01110100
01110100
00110110
00110110
01110100

Codes=
00110110
00010101
01110100
01110100
01110100
01110100
01110100
01110100
01110100
01110110
01110110
01110100
01110100
01110100
00110110
01110100
01110100
01110100
00110110
01110110
00110110
01110110
00110110
01110100
01110100
01110100
01110100
01110100
01110100
01110100
01110100
00110110

Codes=
01110110
01110100
01110100
01110100
01110110
01110100
01110100
00110110
00110110
00110110
01110100
00110110
00110110
01110100
01110110
00110110
01110100
00110110
01110100
01110100
00110110
01110100
01110100
01110100
01110100
01110100
00110110
01110100
01110100
01110100
01110110
01110100

Codes=
01110100
00110110
01110100
00110110
01110110
11010101
01110100
01110100
01110100
00110110
00110110
01110100
01110100
01110100
01110100
00110110
01110100
01110100
01110100
01110100
01110100
00110110
01110100
01110110
01110100
01110100
01110100
01110100
01110100
01110100
01110100
01110100

Codes=
01110100
01110110
01110100
01110100
01110100
01110100
01110100
01110100
00110110
01110100
00110110
01110100
01110100
01110100
01110100
01110100
01110100
00110110
01000100
01110100
01110100
01110100
01110110
01110100
01110100
01110100
01110100
01110100
01110100
01110100
00110110
01110110

Codes=
00110110
01110100
01110100
01110100
01110100
01110110
00110110
00110110
01110110
01110100
01110100
01110100
00110110
01110100
00110110
00110110
00110110
01110100
01110100
01110110
01110100
01110100
00110110
01110100
01110100
01110100
01110100
01110100
00110110
01110100
01110100
00110110

Codes=
01110100
01110100
01110100
01110100
01110100
01110100
01110100
01110110
01110100
01110110
01110100
00110110
01110100
00110110
00110110
00110110
01110100
01110100
00110110
00110110
01110100
01110110
00110110
00110110
01110100
01110100
00110110
01110100
01110100
01110100
01110100
00110110

Codes=
01110110
00110110
01110100
00110110
01110100
01110100
10111100
01110100
01110100
01110100
00110110
01110100
01110100
01110100
01110100
01110100
01110100
01110100
01110110
01110100
00110110
01110110
01110100
00110110
00110110
00110110
01110100
01110100
00011100
01110100
01110100
01110100

Codes=
00110110
01110110
01110100
01110100
01110100
00110110
01110100
01110100
01110100
00110110
01110100
01110100
01110100
01110100
01110110
01110100
00110110
01110100
01110110
01110100
00110110
00110110
00110110
01110100
01110100
01110100
01110100
01110100
00110110
00110110
01110110
01110100

Codes=
01110100
01110100
01110100
01110100
01110100
00110110
01110100
01110100
01110100
01110100
00110110
01110100
01110100
01110100
01110110
00110110
00110110
01110110
01110100
01110100
01110100
01110100
01110110
01110100
01110100
01110100
01110110
01110100
01110100
01110100
01110110
00110110

Codes=
01110100
01110100
01110100
01110100
00110110
00110110
01110110
00110110
01110100
01110100
01110110
01110100
01110100
01110100
01110100
01110100
01110100
01110100
01110100
01110100
01110100
01110100
00110110
01110100
01110100
11011100
01110100
01110110
01110100
00110110
01110100
01110110

Codes=
01110100
01110110
01110100
01110100
01110100
01110100
01110100
01110100
01110110
00110110
01110100
00110110
00110110
01110100
00110110
00110110
01110110
01110110
00110110
01110100
00110110
01110100
01110100
01110100
10011100
01110110
01110100
00110110
00110110
01110100
01110100
01110100

Codes=
01110100
01110110
01110100
01110100
00110110
01110100
00110110
00110110
01110100
01110110
00110110
01110100
01110100
01110100
00110110
01110100
01110100
01110110
01110110
00110110
01110100
01110100
01110110
00110110
00110110
01110100
00110110
01110100
01110110
00110110
01110100
01110110
****WARNING NOT CLOSED - MAY BE DUE TO ERROR***
