****WARNING NOT CLOSED - MAY BE DUE TO ERROR***
TUPLE_SPEC = ((16,),)
N_CODE = 8
SMOOTHING_LENGTH = 10000
SAVE_PERIOD = 100000
DEVICE = torch.device("cuda" if torch.cuda.is_available() else "cpu")  # Used: "cuda"
MODEL_FOLDER = 'models'
CONFIGS_FOLDER = 'configs'
LOGS_FOLDER = 'logs'

hyperparameters = {
	'N_ITERATIONS': 500000,
	'RANDOM_SEEDS': (81821, 18755, 28414, 111000),
	'ALICE_NET': 'FFs(3, 50)',
	'BOB_LAYERS': 3,
	'BOB_WIDTH': 50,
	'BATCHSIZE': 32,
	'GAMESIZE': 32,
	'BUFFER_CAPACITY': 640000,
	'START_TRAINING': 20000,
	'N_SELECT': 16,
	'EPSILON_ONE_END': 40000,
	'EPSILON_MIN': 0.01,
	'EPSILON_MIN_POINT': 300000,
	'ALICE_PLAY': 'Basic',
	'ALICE_TRAIN': 'FromDecisions',
	'BOB_STRATEGY': 'circular_vocab',
	'ALICE_OPTIMIZER': ['SGD(lr=0.01)'],
	'BOB_OPTIMIZER': [('SGD', '{"lr": 0.01}')],
	'ALICE_LOSS_FUNCTION': 'MSEBits',
	'BOB_LOSS_FUNCTION': ('torch.nn.MSE', {}),
	'ALICE_PROXIMITY_BONUS': 30000,
	'ALICE_PROXIMITY_SLOPE_LENGTH': 10000,
	'ALICE_LAST_TRAINING': 10000000,
	'NOISE_START': 100000000,
	'NOISE': 0.0,
	'ALICE_DOUBLE': None
}



>>>> hp_run=1 of 1
hyperparameters = {
	'N_ITERATIONS': 500000,
	'RANDOM_SEEDS': (81821, 18755, 28414, 111000),
	'ALICE_NET': 'FFs(3, 50)',
	'BOB_LAYERS': 3,
	'BOB_WIDTH': 50,
	'BATCHSIZE': 32,
	'GAMESIZE': 32,
	'BUFFER_CAPACITY': 640000,
	'START_TRAINING': 20000,
	'N_SELECT': 16,
	'EPSILON_ONE_END': 40000,
	'EPSILON_MIN': 0.01,
	'EPSILON_MIN_POINT': 300000,
	'ALICE_PLAY': 'Basic',
	'ALICE_TRAIN': 'FromDecisions',
	'BOB_STRATEGY': 'circular_vocab',
	'ALICE_OPTIMIZER': 'SGD(lr=0.01)',
	'BOB_OPTIMIZER': ('SGD', '{"lr": 0.01}'),
	'ALICE_LOSS_FUNCTION': 'MSEBits',
	'BOB_LOSS_FUNCTION': ('torch.nn.MSE', {}),
	'ALICE_PROXIMITY_BONUS': 30000,
	'ALICE_PROXIMITY_SLOPE_LENGTH': 10000,
	'ALICE_LAST_TRAINING': 10000000,
	'NOISE_START': 100000000,
	'NOISE': 0.0,
	'ALICE_DOUBLE': None
}

tuple_specs.random_reward_sd()=0.7071067811865476
Iteration=     20000
Codes=
00000110
00000000
00100111
11001111
10101011
10101110
01110110
10001001
10010001
10100111
10110111
00111000
01000111
11001011
00101111
00010010
01001010
11011101
00010101
00100011
11111011
00000011
00111000
01000110
01111000
10000101
01100110
11001100
01111100
10001100
10100001
01010111

Iteration=     30000
Codes=
10100100
00100000
01110110
10011110
01011111
10111010
01011001
11001010
10011101
00011001
10111100
01100001
01101110
10000110
11000110
00100010
10011110
10010101
01111011
10110111
10111101
10001110
11100010
10010100
00110011
00011100
10100011
11110100
00101000
11011101
01010101
00100000

Iteration=     40000
Codes=
11111011
11011101
00110001
00000001
11111110
10000011
00111111
10011001
11000010
11111111
11100101
00111010
10110110
00001111
10100010
11101110
01001110
11001111
10110110
11100011
10101111
00101111
00000000
01011000
11001011
01100101
01000110
11000010
10111001
00100001
10100100
01101001

Iteration=     50000
Codes=
10011001
10011011
01111101
11011001
00101001
01000010
01001101
10101001
11101001
01101000
01000010
00001010
11000010
11101100
00101010
00111100
11101101
00001000
11000101
01000111
11000011
10010000
10100001
10001011
11100010
01101111
10111000
01000110
11111111
01110101
10111001
10010000

Iteration=     60000
Codes=
11110011
10001100
00010100
01101110
11111100
10010110
10110011
11011010
01000000
11000010
11010001
11100010
01010111
10110001
11010111
01010101
11100001
01100011
11010001
11110110
01110001
00001001
10010101
01010000
01100010
01111111
01011100
10000100
11111101
01000000
00111000
11010001

Iteration=     70000
Codes=
00000001
00111101
01011011
10001110
10111010
01101111
00111010
01100010
10110000
10110001
00100110
10011110
00000110
10110010
01100101
01111110
11110100
01111000
01101000
00111101
10010010
01000000
10000100
01010000
01001010
00101110
11101101
01110111
01000000
00001001
10010100
11011110

Iteration=     80000
Codes=
11111111
10111001
11011111
01110101
11001101
10100000
00000000
11000011
11001111
01111011
10111110
01000000
01101101
01000000
00001100
10000010
10110001
01101010
11110000
01011000
01000000
11100011
01001101
01000000
01101110
10111111
11111010
00111010
11110001
00001100
10000110
01101100

Iteration=     90000
Codes=
00011010
01100110
10111000
00111110
01000100
10101101
10100101
00110001
11101011
01000000
01101111
00011101
00001100
01000000
11010000
01000111
01110010
11011100
10001001
00011011
00111000
10001100
01000001
10100100
10010111
00000100
10111101
01000000
00010011
11001100
11111101
11000010

Iteration=    100000
Codes=
01010001
01000000
00010010
00110111
10110000
11001001
01111001
00111110
01110011
10110000
01000000
00110111
01011000
11101000
01000000
01110100
01100001
11001110
10110100
11100010
01100011
01111010
00000010
00010100
00011011
01100110
11010100
01000000
01000000
11011001
01111111
11100101

Iteration=    110000
Codes=
10000110
01000000
01101010
01011111
01000000
01000000
01101100
01101011
00101010
10010101
10010110
01111001
01000100
11001011
00010010
10111010
10100010
11011000
01000000
10110110
01000000
10101011
00110000
01110000
00001001
01111000
00101000
00111000
10101111
01001110
10111111
10001010

Iteration=    120000
Codes=
11111010
00110110
01000000
01000000
00001111
01000000
01100010
10011010
01101010
01000000
01011100
00001010
01000000
01000000
11101111
11000101
00011111
11101010
00100100
01000000
01000000
10000000
01000000
11001010
01000000
00000011
01001001
11010010
11001000
10001001
00100001
00010001

Iteration=    130000
Codes=
01000000
01000000
11100111
01010101
01011110
11111011
10111001
00100111
01000000
01000000
01000000
01000111
01000000
10110111
01011001
01000000
01001000
01000000
01000000
11011010
11011001
10100111
01101101
01001001
11111000
10111011
11011010
10100011
00101101
11000111
11101011
01010101

Iteration=    140000
Codes=
00101101
00001111
11001101
01000000
00000001
11000011
01000000
10111111
01000000
01010010
01000000
10110011
01111011
01000000
01010011
01110000
00101001
01000000
01000000
01000000
01000000
01000000
01010011
11001011
10001100
00100111
00001101
00010101
01000000
01110000
01110000
10010110

Iteration=    150000
Codes=
01000000
11100010
01111001
00110111
11110010
01110110
01000000
01000000
00111000
01011000
10011100
11001010
00011010
00111100
11011111
00011110
10010011
01000000
01110010
01000000
00011100
00111000
01000000
10100000
01000000
11100001
01000000
01000000
01000000
10010110
11000000
11101011

Iteration=    160000
Codes=
01000000
11000000
01000000
11100101
01000000
01000000
01011110
00011101
01101111
01011110
11100100
10101000
01000000
00101001
01000000
01101110
01000000
01000000
00100010
10110110
10001011
11110000
11100111
01000000
01000000
10100011
01000000
10110110
00100101
01000000
00111011
11101110

Iteration=    170000
Codes=
01100000
10110001
01000000
01000000
01000000
01101011
01000000
00111010
01111010
01000000
01000000
01000000
00111111
00110010
01000000
01000000
10010011
01000000
01000000
01000000
10000111
01000000
01000000
01000000
01000000
11101101
01000000
01000000
01000000
01000000
11111010
11100010

Iteration=    180000
Codes=
01111101
01000000
00100011
00110000
01000000
01000000
11010011
01000000
11010100
01001111
01000000
01000000
00111100
01000000
01000000
01000000
01000000
10101100
00011100
01000000
01000000
10001101
01000000
01000000
01000000
11010100
01000000
01000000
10000010
01000000
10100100
01000000

****WARNING NOT CLOSED - MAY BE DUE TO ERROR***
