The closed log for run 21-05-04_16:11:54BST

RANDOM_SEED = 42
TUPLE_SPEC = ((16,),)
N_CODE = 8
SMOOTHING_LENGTH = 1000
DEVICE = torch.device("cuda" if torch.cuda.is_available() else "cpu")  # Used: "cuda"
MODEL_FOLDER = 'models'
CONFIGS_FOLDER = 'configs'
LOGS_FOLDER = 'logs'

hyperparameters = {
	'N_ITERATIONS': 12500,
	'RANDOM_SEED': 42,
	'TORCH_RANDOM_SEED': 4242,
	'ALICE_LAYERS': 3,
	'ALICE_WIDTH': 50,
	'BOB_LAYERS': 3,
	'BOB_WIDTH': 50,
	'BATCHSIZE': 32,
	'GAMESIZE': 32,
	'BUFFER_CAPACITY': 640000,
	'START_TRAINING': 2000,
	'N_SELECT': 16,
	'EPSILON_ONE_END': 2000,
	'EPSILON_MIN': 0.5,
	'EPSILON_MIN_POINT': 10000,
	'ALICE_STRATEGY': 'from_decisions',
	'BOB_STRATEGY': 'circular_vocab',
	'ALICE_OPTIMIZER': [('SGD', '{"lr": 0.01}')],
	'BOB_OPTIMIZER': [('SGD', '{"lr": 0.01}')],
	'ALICE_LOSS_FUNCTION': ('MSEBits', {}),
	'BOB_LOSS_FUNCTION': 'Same',
	'ALICE_LAST_TRAINING': 300000,
	'ALICE_PROXIMITY_BONUS': 10000000
}



>>>> hp_run=1 of 1
hyperparameters = {
	'N_ITERATIONS': 12500,
	'RANDOM_SEED': 42,
	'TORCH_RANDOM_SEED': 4242,
	'ALICE_LAYERS': 3,
	'ALICE_WIDTH': 50,
	'BOB_LAYERS': 3,
	'BOB_WIDTH': 50,
	'BATCHSIZE': 32,
	'GAMESIZE': 32,
	'BUFFER_CAPACITY': 640000,
	'START_TRAINING': 2000,
	'N_SELECT': 16,
	'EPSILON_ONE_END': 2000,
	'EPSILON_MIN': 0.5,
	'EPSILON_MIN_POINT': 10000,
	'ALICE_STRATEGY': 'from_decisions',
	'BOB_STRATEGY': 'circular_vocab',
	'ALICE_OPTIMIZER': ('SGD', '{"lr": 0.01}'),
	'BOB_OPTIMIZER': ('SGD', '{"lr": 0.01}'),
	'ALICE_LOSS_FUNCTION': ('MSEBits', {}),
	'BOB_LOSS_FUNCTION': 'Same',
	'ALICE_LAST_TRAINING': 300000,
	'ALICE_PROXIMITY_BONUS': 10000000
}

tuple_specs.random_reward_sd()=0.7071067811865476
Iteration=     10000
Codes=
11110101
01000100
00000011
00101110
00111001
01101011
01010111
11011011
11011011
10111000
00110000
10011100
11000001
10011100
00011110
11010001
10010101
11010000
01000000
11011110
01001011
11111111
00100101
11000111
01010110
01101110
10100001
01000011
10011100
11011110
01100110
10110110




Time taken over all 1 given sets of hyperparameters=0:02:44, averaging 0:02:44 per run


 ---- Table of results ----

 code  hp_run  result
   00       1  (0.943, 12000)
 --------------------------

++++ Best result was (0.943, 12000) on hp_run=1 with
hyperparameters = {
	'N_ITERATIONS': 12500,
	'RANDOM_SEED': 42,
	'TORCH_RANDOM_SEED': 4242,
	'ALICE_LAYERS': 3,
	'ALICE_WIDTH': 50,
	'BOB_LAYERS': 3,
	'BOB_WIDTH': 50,
	'BATCHSIZE': 32,
	'GAMESIZE': 32,
	'BUFFER_CAPACITY': 640000,
	'START_TRAINING': 2000,
	'N_SELECT': 16,
	'EPSILON_ONE_END': 2000,
	'EPSILON_MIN': 0.5,
	'EPSILON_MIN_POINT': 10000,
	'ALICE_STRATEGY': 'from_decisions',
	'BOB_STRATEGY': 'circular_vocab',
	'ALICE_OPTIMIZER': ('SGD', '{"lr": 0.01}'),
	'BOB_OPTIMIZER': ('SGD', '{"lr": 0.01}'),
	'ALICE_LOSS_FUNCTION': ('MSEBits', {}),
	'BOB_LOSS_FUNCTION': 'Same',
	'ALICE_LAST_TRAINING': 300000,
	'ALICE_PROXIMITY_BONUS': 10000000
	'n_rng': Generator(PCG64)
	't_rng': <torch._C.Generator object at 0x7f4060cf2fd0>
}


End closed log for run 21-05-04_16:11:54BST
