The closed log for run 21-05-05_13:13:06BST

RANDOM_SEED = 42
TUPLE_SPEC = ((16,),)
N_CODE = 8
SMOOTHING_LENGTH = 10000
DEVICE = torch.device("cuda" if torch.cuda.is_available() else "cpu")  # Used: "cuda"
MODEL_FOLDER = 'models'
CONFIGS_FOLDER = 'configs'
LOGS_FOLDER = 'logs'

hyperparameters = {
	'N_ITERATIONS': 150000,
	'ITERATIONS_SEED': 18755,
	'RANDOM_SEED': 81821,
	'TORCH_RANDOM_SEED': 28414,
	'ALICE_LAYERS': 3,
	'ALICE_WIDTH': 50,
	'BOB_LAYERS': 3,
	'BOB_WIDTH': 50,
	'BATCHSIZE': 32,
	'GAMESIZE': 32,
	'BUFFER_CAPACITY': 640000,
	'START_TRAINING': 20000,
	'N_SELECT': 16,
	'EPSILON_ONE_END': 40000,
	'EPSILON_MIN': 0.01,
	'EPSILON_MIN_POINT': 300000,
	'ALICE_STRATEGY': 'from_decisions',
	'BOB_STRATEGY': 'circular_vocab',
	'ALICE_OPTIMIZER': [('SGD', '{"lr": 0.01}')],
	'BOB_OPTIMIZER': [('SGD', '{"lr": 0.01}')],
	'ALICE_LOSS_FUNCTION': ('MSEBits', {}),
	'BOB_LOSS_FUNCTION': 'Same',
	'ALICE_PROXIMITY_BONUS': 30000,
	'ALICE_PROXIMITY_SLOPE_LENGTH': 10000,
	'ALICE_LAST_TRAINING': 10000000
}



>>>> hp_run=1 of 1
hyperparameters = {
	'N_ITERATIONS': 150000,
	'ITERATIONS_SEED': 18755,
	'RANDOM_SEED': 81821,
	'TORCH_RANDOM_SEED': 28414,
	'ALICE_LAYERS': 3,
	'ALICE_WIDTH': 50,
	'BOB_LAYERS': 3,
	'BOB_WIDTH': 50,
	'BATCHSIZE': 32,
	'GAMESIZE': 32,
	'BUFFER_CAPACITY': 640000,
	'START_TRAINING': 20000,
	'N_SELECT': 16,
	'EPSILON_ONE_END': 40000,
	'EPSILON_MIN': 0.01,
	'EPSILON_MIN_POINT': 300000,
	'ALICE_STRATEGY': 'from_decisions',
	'BOB_STRATEGY': 'circular_vocab',
	'ALICE_OPTIMIZER': ('SGD', '{"lr": 0.01}'),
	'BOB_OPTIMIZER': ('SGD', '{"lr": 0.01}'),
	'ALICE_LOSS_FUNCTION': ('MSEBits', {}),
	'BOB_LOSS_FUNCTION': 'Same',
	'ALICE_PROXIMITY_BONUS': 30000,
	'ALICE_PROXIMITY_SLOPE_LENGTH': 10000,
	'ALICE_LAST_TRAINING': 10000000
}

tuple_specs.random_reward_sd()=0.7071067811865476
Iteration=     20000
Codes=
11000111
00011010
11001000
00001010
10010010
11011110
11111100
00100001
11000000
10100011
01111000
10101011
00101001
01110110
11101101
01011101
10011111
00001101
10100010
01111110
01010110
00111000
00111110
00110001
10010011
00011101
00110010
00010101
11000110
11111011
10110010
10101000

Iteration=     30000
Codes=
10000001
01100111
00110110
00110110
01101001
00101101
10101110
00001011
00101100
00000001
00111100
00110110
01101001
11000101
10011110
11101101
10011000
11011001
01010001
01110110
00000100
11100100
01001111
01111010
01011010
01011000
10001001
10111001
11101000
01111110
11000100
10110110

Iteration=     40000
Codes=
11000110
01001111
01100100
00111011
11000101
11110001
11000001
10001010
11101001
01010000
01010101
11110000
11111100
00111100
11000100
11110001
10010011
10000100
10100011
01110100
11001011
01001110
10111000
00000111
10110000
00001011
10010010
00011001
00010101
11100000
00001101
10010111

Iteration=     50000
Codes=
00101100
01101011
01110011
00010000
00010010
11000101
10100000
11110011
11111101
11011110
10111100
00100100
01001110
10010001
10010101
11111011
11001010
01000110
10100001
11010110
10011011
10010100
10001101
00101000
11110010
01010000
01111100
10010100
11000110
11110100
11111110
10010010

Iteration=     60000
Codes=
10101111
01000110
11101100
11010100
11001001
01011101
11110010
10010100
11100111
11000001
10110100
01101111
01000110
10110101
11000011
01000111
00001001
11010110
10011101
00101000
10100111
10110010
00101000
10110001
10010100
01010111
00001110
01010000
01011100
01000111
10000100
11011000

Iteration=     70000
Codes=
01101101
10111101
11010010
00001011
00111101
01001101
01000011
01010110
01001110
00011010
00000011
11001000
11101011
01111110
00111010
01100111
11011011
00100011
00010111
10001101
10101001
11010111
11001100
00111110
10110000
10000001
11100001
10101010
11011001
11010101
00111000
11011111

Iteration=     80000
Codes=
10010100
11100011
01100010
01011001
10101011
01101110
00011000
10110101
00111000
10100100
00010110
10010110
01000010
10101001
10111000
00010001
10010111
10110000
01000111
11000101
10001000
10011010
10010100
00001100
00101110
10011110
01011101
00011011
11010001
11100100
01000101
01100101

Iteration=     90000
Codes=
11011010
10111110
01000000
10100111
01111100
00100000
11001101
10001100
10010000
00101001
11100001
10011110
01010011
01000000
10000010
01011001
11110010
01010010
11000010
10010000
10110111
01111010
01000001
10001010
01111110
11110001
10100101
10010100
00011010
01101010
01101111
00111011

Iteration=    100000
Codes=
10010000
10010100
01110100
01101000
00111100
00000000
00011100
10010000
10010000
11010001
10110010
00101001
11110001
00100001
10110100
01101001
10000000
01001101
01100000
10111010
00111100
11001000
00110010
00010101
00111000
00111000
01011001
00111000
00000101
00110101
00111000
11010111

Iteration=    110000
Codes=
10010100
11010000
11101001
10110000
10010000
00011001
00000000
11110111
10000101
10010011
01011110
11000111
10100100
10010110
10010001
11100000
00111000
00111000
10010000
11101110
00001111
10011110
01011111
01011101
10010100
01001100
00011100
01100001
00101001
11110100
01011100
00101100

Iteration=    120000
Codes=
01001010
00110011
11010100
10010100
10010000
10010000
10011100
10010100
11000010
10010100
01111111
10001111
10010100
00000101
01010011
01111110
00010000
00010010
10001011
00111000
00001110
10010000
01101010
00111000
01011011
00111011
00111000
11110100
10010010
00001110
00010011
10010000

Iteration=    130000
Codes=
11001010
10010100
01001011
10001101
01000100
00101111
10010100
00100110
01011110
01011111
00100000
00001001
10010100
11001100
10010100
00110110
01011101
11011000
10010000
10011010
10010100
10001100
00111000
10000001
01010101
01101010
00111001
11101000
01111010
01001011
01011011
11101110

Iteration=    140000
Codes=
10110010
10010100
10010100
01000000
11001001
11100010
00111000
10010000
01000101
11001010
10001011
10010100
10010100
10010100
10010100
00001101
10000110
11011111
01100000
10110100
10110000
10011100
01101001
11111010
00111000
11001001
11101000
11000000
10110101
00110110
00001000
00011001

Iteration=    150000
Codes=
00101000
01101101
10010000
10010100
11001110
10101111
11011010
10010000
00010111
00101000
00100001
01111100
10010000
10001010
11111011
00011100
00111000
10010000
11001001
01110111
10010100
10010100
10010100
10101001
10111101
01000010
01100000
10010000
00111101
10010100
10010000
00111000




Time taken over all 1 given sets of hyperparameters=0:57:20, averaging 0:57:20 per run


 ---- Table of results ----

 code  hp_run  result
   00       1  (-0.777, 130000)
 --------------------------

++++ Best result was (-0.777, 130000) on hp_run=1 with
hyperparameters = {
	'N_ITERATIONS': 150000,
	'ITERATIONS_SEED': 18755,
	'RANDOM_SEED': 81821,
	'TORCH_RANDOM_SEED': 28414,
	'ALICE_LAYERS': 3,
	'ALICE_WIDTH': 50,
	'BOB_LAYERS': 3,
	'BOB_WIDTH': 50,
	'BATCHSIZE': 32,
	'GAMESIZE': 32,
	'BUFFER_CAPACITY': 640000,
	'START_TRAINING': 20000,
	'N_SELECT': 16,
	'EPSILON_ONE_END': 40000,
	'EPSILON_MIN': 0.01,
	'EPSILON_MIN_POINT': 300000,
	'ALICE_STRATEGY': 'from_decisions',
	'BOB_STRATEGY': 'circular_vocab',
	'ALICE_OPTIMIZER': ('SGD', '{"lr": 0.01}'),
	'BOB_OPTIMIZER': ('SGD', '{"lr": 0.01}'),
	'ALICE_LOSS_FUNCTION': ('MSEBits', {}),
	'BOB_LOSS_FUNCTION': 'Same',
	'ALICE_PROXIMITY_BONUS': 30000,
	'ALICE_PROXIMITY_SLOPE_LENGTH': 10000,
	'ALICE_LAST_TRAINING': 10000000
	'n_rng': Generator(PCG64)
	'ni_rng': Generator(PCG64)
	't_rng': <torch._C.Generator object at 0x7ff8273e0c30>
}


End closed log for run 21-05-05_13:13:06BST
